2022-04-28 17:17:50,103 INFO [root] [utils.py(<module>:55)] - test
2022-04-28 17:26:21,074 INFO [root] [test_login01.py(test_login:41)] - 打印参数 18346581007，1234567@，200，0，OK
2022-04-28 17:26:21,117 INFO [root] [test_login01.py(test_login:45)] - json_data :={'code': 1001, 'msg': '账号信息错误', 'data': None, 'copyright': 'Copyright 柠檬班 © 2017-2020 湖南省零檬信息技术有限公司 All Rights Reserved'}
2022-04-28 17:26:21,117 INFO [root] [test_login01.py(test_login:41)] - 打印参数 15946581029，123456，200，1001，账号信息错误
2022-04-28 17:26:21,144 INFO [root] [test_login01.py(test_login:45)] - json_data :={'code': 1001, 'msg': '账号信息错误', 'data': None, 'copyright': 'Copyright 柠檬班 © 2017-2020 湖南省零檬信息技术有限公司 All Rights Reserved'}
2022-04-28 17:26:21,145 INFO [root] [test_login01.py(test_login:53)] - 断言结束，用例执行结束
2022-04-28 17:26:21,221 INFO [root] [test_login01.py(test_req_param_is_null:133)] - json_data={'code': 1004, 'msg': 'Required request body is missing: public com.lemon.pojo.Result com.lemon.controller.MemberController.login(com.lemon.pojo.Member)', 'data': None, 'copyright': 'Copyright 柠檬班 © 2017-2020 湖南省零檬信息技术有限公司 All Rights Reserved'}
2022-04-28 17:26:21,260 INFO [root] [test_register.py(test_login:43)] - json_data={'code': 0, 'msg': 'OK', 'data': {'id': 125, 'reg_name': 'reg_name', 'mobile_phone': '13951137981'}, 'copyright': 'Copyright 柠檬班 © 2017-2020 湖南省零檬信息技术有限公司 All Rights Reserved'}

2022-04-28 17:26:21,290 INFO [root] [test_register.py(test_login:43)] - json_data={'code': 1, 'msg': '密码为空', 'data': None, 'copyright': 'Copyright 柠檬班 © 2017-2020 湖南省零檬信息技术有限公司 All Rights Reserved'}

2022-04-28 17:26:21,340 INFO [root] [test_register.py(test_register_success:59)] - json_data={'code': 0, 'msg': 'OK', 'data': {'id': 126, 'reg_name': 'AutoTestPy', 'mobile_phone': '15251137981'}, 'copyright': 'Copyright 柠檬班 © 2017-2020 湖南省零檬信息技术有限公司 All Rights Reserved'}
2022-04-28 17:28:00,568 INFO [root] [test_login01.py(test_login:41)] - 打印参数 18346581007，1234567@，200，0，OK
2022-04-28 17:28:00,612 INFO [root] [test_login01.py(test_login:45)] - json_data :={'code': 1001, 'msg': '账号信息错误', 'data': None, 'copyright': 'Copyright 柠檬班 © 2017-2020 湖南省零檬信息技术有限公司 All Rights Reserved'}
2022-04-28 17:28:00,613 INFO [root] [test_login01.py(test_login:41)] - 打印参数 15946581029，123456，200，1001，账号信息错误
2022-04-28 17:28:00,635 INFO [root] [test_login01.py(test_login:45)] - json_data :={'code': 1001, 'msg': '账号信息错误', 'data': None, 'copyright': 'Copyright 柠檬班 © 2017-2020 湖南省零檬信息技术有限公司 All Rights Reserved'}
2022-04-28 17:28:00,636 INFO [root] [test_login01.py(test_login:53)] - 断言结束，用例执行结束
2022-04-28 17:28:00,655 INFO [root] [test_login01.py(test_req_param_is_null:133)] - json_data={'code': 1004, 'msg': 'Required request body is missing: public com.lemon.pojo.Result com.lemon.controller.MemberController.login(com.lemon.pojo.Member)', 'data': None, 'copyright': 'Copyright 柠檬班 © 2017-2020 湖南省零檬信息技术有限公司 All Rights Reserved'}
2022-04-28 17:28:00,701 INFO [root] [test_register.py(test_login:43)] - json_data={'code': 0, 'msg': 'OK', 'data': {'id': 127, 'reg_name': 'reg_name', 'mobile_phone': '13851138080'}, 'copyright': 'Copyright 柠檬班 © 2017-2020 湖南省零檬信息技术有限公司 All Rights Reserved'}

2022-04-28 17:28:00,722 INFO [root] [test_register.py(test_login:43)] - json_data={'code': 1, 'msg': '密码为空', 'data': None, 'copyright': 'Copyright 柠檬班 © 2017-2020 湖南省零檬信息技术有限公司 All Rights Reserved'}

2022-04-28 17:28:00,778 INFO [root] [test_register.py(test_register_success:59)] - json_data={'code': 0, 'msg': 'OK', 'data': {'id': 128, 'reg_name': 'AutoTestPy', 'mobile_phone': '13751138080'}, 'copyright': 'Copyright 柠檬班 © 2017-2020 湖南省零檬信息技术有限公司 All Rights Reserved'}
2022-04-28 17:28:36,963 INFO [root] [test_login01.py(test_login:41)] - 打印参数 18346581007，1234567@，200，0，OK
2022-04-28 17:28:36,997 INFO [root] [test_login01.py(test_login:45)] - json_data :={'code': 1001, 'msg': '账号信息错误', 'data': None, 'copyright': 'Copyright 柠檬班 © 2017-2020 湖南省零檬信息技术有限公司 All Rights Reserved'}
2022-04-28 17:28:36,999 INFO [root] [test_login01.py(test_login:41)] - 打印参数 15946581029，123456，200，1001，账号信息错误
2022-04-28 17:28:37,029 INFO [root] [test_login01.py(test_login:45)] - json_data :={'code': 1001, 'msg': '账号信息错误', 'data': None, 'copyright': 'Copyright 柠檬班 © 2017-2020 湖南省零檬信息技术有限公司 All Rights Reserved'}
2022-04-28 17:28:37,029 INFO [root] [test_login01.py(test_login:53)] - 断言结束，用例执行结束
2022-04-28 17:28:37,059 INFO [root] [test_login01.py(test_req_param_is_null:133)] - json_data={'code': 1004, 'msg': 'Required request body is missing: public com.lemon.pojo.Result com.lemon.controller.MemberController.login(com.lemon.pojo.Member)', 'data': None, 'copyright': 'Copyright 柠檬班 © 2017-2020 湖南省零檬信息技术有限公司 All Rights Reserved'}
2022-04-28 17:28:37,096 INFO [root] [test_register.py(test_login:43)] - json_data={'code': 0, 'msg': 'OK', 'data': {'id': 129, 'reg_name': 'reg_name', 'mobile_phone': '18251138116'}, 'copyright': 'Copyright 柠檬班 © 2017-2020 湖南省零檬信息技术有限公司 All Rights Reserved'}

2022-04-28 17:28:37,118 INFO [root] [test_register.py(test_login:43)] - json_data={'code': 1, 'msg': '密码为空', 'data': None, 'copyright': 'Copyright 柠檬班 © 2017-2020 湖南省零檬信息技术有限公司 All Rights Reserved'}

2022-04-28 17:28:37,157 INFO [root] [test_register.py(test_register_success:59)] - json_data={'code': 0, 'msg': 'OK', 'data': {'id': 130, 'reg_name': 'AutoTestPy', 'mobile_phone': '15551138117'}, 'copyright': 'Copyright 柠檬班 © 2017-2020 湖南省零檬信息技术有限公司 All Rights Reserved'}
2022-04-28 17:30:52,810 INFO [root] [test_login01.py(test_login:41)] - 打印参数 18346581007，1234567@，200，0，OK
2022-04-28 17:30:52,858 INFO [root] [test_login01.py(test_login:45)] - json_data :={'code': 1001, 'msg': '账号信息错误', 'data': None, 'copyright': 'Copyright 柠檬班 © 2017-2020 湖南省零檬信息技术有限公司 All Rights Reserved'}
2022-04-28 17:30:52,865 INFO [root] [test_login01.py(test_login:41)] - 打印参数 15946581029，123456，200，1001，账号信息错误
2022-04-28 17:30:52,894 INFO [root] [test_login01.py(test_login:45)] - json_data :={'code': 1001, 'msg': '账号信息错误', 'data': None, 'copyright': 'Copyright 柠檬班 © 2017-2020 湖南省零檬信息技术有限公司 All Rights Reserved'}
2022-04-28 17:30:52,895 INFO [root] [test_login01.py(test_login:53)] - 断言结束，用例执行结束
2022-04-28 17:30:52,922 INFO [root] [test_login01.py(test_req_param_is_null:133)] - json_data={'code': 1004, 'msg': 'Required request body is missing: public com.lemon.pojo.Result com.lemon.controller.MemberController.login(com.lemon.pojo.Member)', 'data': None, 'copyright': 'Copyright 柠檬班 © 2017-2020 湖南省零檬信息技术有限公司 All Rights Reserved'}
2022-04-28 17:31:11,752 INFO [root] [test_login01.py(test_login_success:71)] - json_data={'code': 1001, 'msg': '账号信息错误', 'data': None, 'copyright': 'Copyright 柠檬班 © 2017-2020 湖南省零檬信息技术有限公司 All Rights Reserved'}
2022-04-28 17:32:12,785 INFO [root] [test_login01.py(test_login_success:71)] - json_data={'code': 1001, 'msg': '账号信息错误', 'data': None, 'copyright': 'Copyright 柠檬班 © 2017-2020 湖南省零檬信息技术有限公司 All Rights Reserved'}
2022-04-28 17:32:36,675 INFO [root] [test_login01.py(test_login_success:71)] - json_data={'code': 0, 'msg': 'OK', 'data': {'id': 2, 'leave_amount': 100.0, 'mobile_phone': '13800000002', 'reg_name': 'Postman_t', 'reg_time': '2022-04-26 10:38:51.0', 'type': 0, 'token_info': {'token_type': 'Bearer', 'expires_in': '2022-04-28 09:37:37', 'token': 'eyJhbGciOiJIUzUxMiJ9.eyJtZW1iZXJfaWQiOjIsImV4cCI6MTY1MTEzODY1N30.XYi4kNqGfWp_g3gDEuzZlsIU3Tx611wUU2m0-7-2o-DBLe5kV168LEGm3ZYCKf9S0G_VO-sUdCPryv964J0E5Q'}}, 'copyright': 'Copyright 柠檬班 © 2017-2020 湖南省零檬信息技术有限公司 All Rights Reserved'}
2022-04-28 17:33:17,458 INFO [root] [test_login01.py(test_login_success:71)] - json_data={'code': 0, 'msg': 'OK', 'data': {'id': 2, 'leave_amount': 100.0, 'mobile_phone': '13800000002', 'reg_name': 'Postman_t', 'reg_time': '2022-04-26 10:38:51.0', 'type': 0, 'token_info': {'token_type': 'Bearer', 'expires_in': '2022-04-28 09:38:17', 'token': 'eyJhbGciOiJIUzUxMiJ9.eyJtZW1iZXJfaWQiOjIsImV4cCI6MTY1MTEzODY5N30.LFMleUJfXjPwrfRr-yWKJX4K3nEIOUa4-zcKYzsL-vndtiQSzhTiNn_aGugTkuewYDvk45-dNJAB_NFChU4aag'}}, 'copyright': 'Copyright 柠檬班 © 2017-2020 湖南省零檬信息技术有限公司 All Rights Reserved'}
2022-04-28 17:33:20,136 INFO [root] [test_login01.py(test_login_success:71)] - json_data={'code': 0, 'msg': 'OK', 'data': {'id': 2, 'leave_amount': 100.0, 'mobile_phone': '13800000002', 'reg_name': 'Postman_t', 'reg_time': '2022-04-26 10:38:51.0', 'type': 0, 'token_info': {'token_type': 'Bearer', 'expires_in': '2022-04-28 09:38:20', 'token': 'eyJhbGciOiJIUzUxMiJ9.eyJtZW1iZXJfaWQiOjIsImV4cCI6MTY1MTEzODcwMH0.DId4otN9nTVMOOOFETjzmUJAILUDosqlO1OLPcC64cw08eVcn3XGW_WobtlrVlavY5E8GHh5IaEcsZ5JsGh8qQ'}}, 'copyright': 'Copyright 柠檬班 © 2017-2020 湖南省零檬信息技术有限公司 All Rights Reserved'}
2022-04-28 17:34:56,700 INFO [root] [test_login01.py(test_login_success:71)] - json_data={'code': 0, 'msg': 'OK', 'data': {'id': 2, 'leave_amount': 100.0, 'mobile_phone': '13800000002', 'reg_name': 'Postman_t', 'reg_time': '2022-04-26 10:38:51.0', 'type': 0, 'token_info': {'token_type': 'Bearer', 'expires_in': '2022-04-28 09:39:57', 'token': 'eyJhbGciOiJIUzUxMiJ9.eyJtZW1iZXJfaWQiOjIsImV4cCI6MTY1MTEzODc5N30.eZki_dT0Gh43GwXr57N_YtcmaOhe0h6-ScA0WjWvLCF1lq_bOgVhFo27Fk0Myrtu5mr8TfewjPA2wRK-QR2glQ'}}, 'copyright': 'Copyright 柠檬班 © 2017-2020 湖南省零檬信息技术有限公司 All Rights Reserved'}
2022-04-28 17:35:39,018 INFO [root] [test_login01.py(test_login_success:71)] - json_data={'code': 0, 'msg': 'OK', 'data': {'id': 2, 'leave_amount': 100.0, 'mobile_phone': '13800000002', 'reg_name': 'Postman_t', 'reg_time': '2022-04-26 10:38:51.0', 'type': 0, 'token_info': {'token_type': 'Bearer', 'expires_in': '2022-04-28 09:40:39', 'token': 'eyJhbGciOiJIUzUxMiJ9.eyJtZW1iZXJfaWQiOjIsImV4cCI6MTY1MTEzODgzOX0.ZdgXUtv5qgORZJzVoUFbKDZW0EcOtIvL2njCro_AdopNUUZ5WGLsXdqy0b2R5A4u-atMv0fDNEc6TNQtSGPhiQ'}}, 'copyright': 'Copyright 柠檬班 © 2017-2020 湖南省零檬信息技术有限公司 All Rights Reserved'}
2022-04-28 17:38:45,181 INFO [root] [test_login01.py(test_login_success:71)] - json_data={'code': 0, 'msg': 'OK', 'data': {'id': 2, 'leave_amount': 100.0, 'mobile_phone': '13800000002', 'reg_name': 'Postman_t', 'reg_time': '2022-04-26 10:38:51.0', 'type': 0, 'token_info': {'token_type': 'Bearer', 'expires_in': '2022-04-28 09:43:45', 'token': 'eyJhbGciOiJIUzUxMiJ9.eyJtZW1iZXJfaWQiOjIsImV4cCI6MTY1MTEzOTAyNX0.KwmrgJ5eqXc9tTpmioDjV8asNoNchw7ip4QdQQ2lXTvCFKgnT9oU_oeo6uMNeLN0hqeZFsUyuKV7-Ei39M2olQ'}}, 'copyright': 'Copyright 柠檬班 © 2017-2020 湖南省零檬信息技术有限公司 All Rights Reserved'}
2022-04-28 17:39:13,454 INFO [root] [test_login01.py(test_login_success:71)] - json_data={'code': 0, 'msg': 'OK', 'data': {'id': 2, 'leave_amount': 100.0, 'mobile_phone': '13800000002', 'reg_name': 'Postman_t', 'reg_time': '2022-04-26 10:38:51.0', 'type': 0, 'token_info': {'token_type': 'Bearer', 'expires_in': '2022-04-28 09:44:13', 'token': 'eyJhbGciOiJIUzUxMiJ9.eyJtZW1iZXJfaWQiOjIsImV4cCI6MTY1MTEzOTA1M30.cnAn6xV4lNa0MckEsS7Df5aUoUPOcwMuH6nSwS3KcCnTi7hhv6w6wexRU2gnYTNMzEJM2h28J0w94XoGksshpQ'}}, 'copyright': 'Copyright 柠檬班 © 2017-2020 湖南省零檬信息技术有限公司 All Rights Reserved'}
2022-04-28 17:43:07,600 INFO [root] [test_login01.py(test_login_success:71)] - json_data={'code': 0, 'msg': 'OK', 'data': {'id': 2, 'leave_amount': 100.0, 'mobile_phone': '13800000002', 'reg_name': 'Postman_t', 'reg_time': '2022-04-26 10:38:51.0', 'type': 0, 'token_info': {'token_type': 'Bearer', 'expires_in': '2022-04-28 09:48:08', 'token': 'eyJhbGciOiJIUzUxMiJ9.eyJtZW1iZXJfaWQiOjIsImV4cCI6MTY1MTEzOTI4OH0.2onVJQPrS0S2I_9zxyvax12bi8JDKIXkr8z88i9JGmjUpkc5aHKeKjTg1wxXBvbXjZQYchv_AlgzvlPvyCSjtw'}}, 'copyright': 'Copyright 柠檬班 © 2017-2020 湖南省零檬信息技术有限公司 All Rights Reserved'}
2022-04-28 17:43:07,601 INFO [root] [utils.py(common_assert:54)] - test
2022-04-28 17:43:49,137 INFO [root] [test_login01.py(test_login_success:71)] - json_data={'code': 0, 'msg': 'OK', 'data': {'id': 2, 'leave_amount': 100.0, 'mobile_phone': '13800000002', 'reg_name': 'Postman_t', 'reg_time': '2022-04-26 10:38:51.0', 'type': 0, 'token_info': {'token_type': 'Bearer', 'expires_in': '2022-04-28 09:48:49', 'token': 'eyJhbGciOiJIUzUxMiJ9.eyJtZW1iZXJfaWQiOjIsImV4cCI6MTY1MTEzOTMyOX0.My346ByJZhGH-_7F9pj4MhA4IWlz3Q25KqIqiDtNh3VqGS7-jhCyGdMGWageMOA96-txm7Icaqxs2FV1D6Q9Gg'}}, 'copyright': 'Copyright 柠檬班 © 2017-2020 湖南省零檬信息技术有限公司 All Rights Reserved'}
2022-04-28 17:43:49,137 INFO [root] [utils.py(common_assert:54)] - test
2022-04-28 17:45:50,781 INFO [root] [test_login01.py(test_login_success:71)] - json_data={'code': 0, 'msg': 'OK', 'data': {'id': 2, 'leave_amount': 100.0, 'mobile_phone': '13800000002', 'reg_name': 'Postman_t', 'reg_time': '2022-04-26 10:38:51.0', 'type': 0, 'token_info': {'token_type': 'Bearer', 'expires_in': '2022-04-28 09:50:51', 'token': 'eyJhbGciOiJIUzUxMiJ9.eyJtZW1iZXJfaWQiOjIsImV4cCI6MTY1MTEzOTQ1MX0.wSFrQxKnH0Bb2nyy_Hrsw2Ddu3EBj7yiYdttLS8KrMYJzNCF3--_w7pRz4z3HPI0S4jPBS3xTN1dOM9WYIlXjw'}}, 'copyright': 'Copyright 柠檬班 © 2017-2020 湖南省零檬信息技术有限公司 All Rights Reserved'}
2022-04-28 17:45:50,782 INFO [root] [utils.py(common_assert:54)] - test
2022-04-28 17:46:42,171 INFO [root] [test_login01.py(test_login_success:71)] - json_data={'code': 0, 'msg': 'OK', 'data': {'id': 2, 'leave_amount': 100.0, 'mobile_phone': '13800000002', 'reg_name': 'Postman_t', 'reg_time': '2022-04-26 10:38:51.0', 'type': 0, 'token_info': {'token_type': 'Bearer', 'expires_in': '2022-04-28 09:51:42', 'token': 'eyJhbGciOiJIUzUxMiJ9.eyJtZW1iZXJfaWQiOjIsImV4cCI6MTY1MTEzOTUwMn0.1kmrSV1bNtLZHSdW-b47BF4W4oJtbILkJ_QWaEkU0sF1WOXL0uFMiV_7XHWTMInv4Tl2wepJa6r41aoTYblNnQ'}}, 'copyright': 'Copyright 柠檬班 © 2017-2020 湖南省零檬信息技术有限公司 All Rights Reserved'}
2022-04-28 17:46:42,174 INFO [root] [utils.py(common_assert:55)] - test
2022-04-28 17:47:40,101 INFO [root] [test_login01.py(test_login_success:71)] - json_data={'code': 0, 'msg': 'OK', 'data': {'id': 2, 'leave_amount': 100.0, 'mobile_phone': '13800000002', 'reg_name': 'Postman_t', 'reg_time': '2022-04-26 10:38:51.0', 'type': 0, 'token_info': {'token_type': 'Bearer', 'expires_in': '2022-04-28 09:52:40', 'token': 'eyJhbGciOiJIUzUxMiJ9.eyJtZW1iZXJfaWQiOjIsImV4cCI6MTY1MTEzOTU2MH0.rpdxZ3HoZoiUZocWK2UQDlt5drGFUN5QL2qOwSaMH0_oP-EdcfXwO6-WAka9zkLreS7y177fv_LE_-0sWz1zug'}}, 'copyright': 'Copyright 柠檬班 © 2017-2020 湖南省零檬信息技术有限公司 All Rights Reserved'}
2022-04-28 17:47:40,102 INFO [root] [utils.py(common_assert:55)] - test
2022-04-28 17:50:26,772 INFO [root] [test_login01.py(test_login_success:71)] - json_data={'code': 0, 'msg': 'OK', 'data': {'id': 2, 'leave_amount': 100.0, 'mobile_phone': '13800000002', 'reg_name': 'Postman_t', 'reg_time': '2022-04-26 10:38:51.0', 'type': 0, 'token_info': {'token_type': 'Bearer', 'expires_in': '2022-04-28 09:55:27', 'token': 'eyJhbGciOiJIUzUxMiJ9.eyJtZW1iZXJfaWQiOjIsImV4cCI6MTY1MTEzOTcyN30.h5_EJyUgjdN-j_o7P35ozaFlXq04P_O2ggIY3XUvRLgkA9Q_ct5WYdpaADBTz7GE5O4VFlBDiydkf-6wZOniKA'}}, 'copyright': 'Copyright 柠檬班 © 2017-2020 湖南省零檬信息技术有限公司 All Rights Reserved'}
2022-04-28 17:50:26,773 INFO [root] [utils.py(common_assert:55)] - test
2022-04-28 17:53:36,673 INFO [root] [test_login01.py(test_login_success:71)] - json_data={'code': 0, 'msg': 'OK', 'data': {'id': 2, 'leave_amount': 100.0, 'mobile_phone': '13800000002', 'reg_name': 'Postman_t', 'reg_time': '2022-04-26 10:38:51.0', 'type': 0, 'token_info': {'token_type': 'Bearer', 'expires_in': '2022-04-28 09:58:37', 'token': 'eyJhbGciOiJIUzUxMiJ9.eyJtZW1iZXJfaWQiOjIsImV4cCI6MTY1MTEzOTkxN30.oN7WvxML0_3skLxZ4t8vZPguW7yPXG6G7OgWZkJpvbGyP_XyDiGkqi5ilz6FBFyMRAoU_zlWK_na0vT081OXGA'}}, 'copyright': 'Copyright 柠檬班 © 2017-2020 湖南省零檬信息技术有限公司 All Rights Reserved'}
2022-04-28 17:53:36,674 INFO [root] [utils.py(common_assert:55)] - test
2022-04-28 17:53:57,915 INFO [root] [test_login01.py(test_login:41)] - 打印参数 18346581007，1234567@，200，0，OK
2022-04-28 17:53:57,949 INFO [root] [test_login01.py(test_login:45)] - json_data :={'code': 1001, 'msg': '账号信息错误', 'data': None, 'copyright': 'Copyright 柠檬班 © 2017-2020 湖南省零檬信息技术有限公司 All Rights Reserved'}
2022-04-28 17:53:57,951 INFO [root] [test_login01.py(test_login:41)] - 打印参数 15946581029，123456，200，1001，账号信息错误
2022-04-28 17:53:57,973 INFO [root] [test_login01.py(test_login:45)] - json_data :={'code': 1001, 'msg': '账号信息错误', 'data': None, 'copyright': 'Copyright 柠檬班 © 2017-2020 湖南省零檬信息技术有限公司 All Rights Reserved'}
2022-04-28 17:53:57,973 INFO [root] [test_login01.py(test_login:53)] - 断言结束，用例执行结束
2022-04-28 17:53:57,992 INFO [root] [test_login01.py(test_login_success:71)] - json_data={'code': 0, 'msg': 'OK', 'data': {'id': 2, 'leave_amount': 100.0, 'mobile_phone': '13800000002', 'reg_name': 'Postman_t', 'reg_time': '2022-04-26 10:38:51.0', 'type': 0, 'token_info': {'token_type': 'Bearer', 'expires_in': '2022-04-28 09:58:58', 'token': 'eyJhbGciOiJIUzUxMiJ9.eyJtZW1iZXJfaWQiOjIsImV4cCI6MTY1MTEzOTkzOH0.jJhMQ8RbSHcl3tYCD5mtkqaZxgAREXM1rL8XSHU29M0jZLA-S4rej5CRWrWzToAsnDMxrfCxiEKosb2XNSaE-A'}}, 'copyright': 'Copyright 柠檬班 © 2017-2020 湖南省零檬信息技术有限公司 All Rights Reserved'}
2022-04-28 17:53:57,993 INFO [root] [utils.py(common_assert:55)] - test
2022-04-28 17:53:58,021 INFO [root] [test_login01.py(test_req_param_is_null:132)] - json_data={'code': 1004, 'msg': 'Required request body is missing: public com.lemon.pojo.Result com.lemon.controller.MemberController.login(com.lemon.pojo.Member)', 'data': None, 'copyright': 'Copyright 柠檬班 © 2017-2020 湖南省零檬信息技术有限公司 All Rights Reserved'}
2022-04-28 17:54:06,846 INFO [root] [test_login01.py(test_login_success:71)] - json_data={'code': 0, 'msg': 'OK', 'data': {'id': 2, 'leave_amount': 100.0, 'mobile_phone': '13800000002', 'reg_name': 'Postman_t', 'reg_time': '2022-04-26 10:38:51.0', 'type': 0, 'token_info': {'token_type': 'Bearer', 'expires_in': '2022-04-28 09:59:07', 'token': 'eyJhbGciOiJIUzUxMiJ9.eyJtZW1iZXJfaWQiOjIsImV4cCI6MTY1MTEzOTk0N30.kkMvvr8ntUHtCLZ6GxuEpoOivK5MMI8h8gszYVkWppnzu2-9so22VR22015M8HS0ynesYIafPZid8TUken9nrg'}}, 'copyright': 'Copyright 柠檬班 © 2017-2020 湖南省零檬信息技术有限公司 All Rights Reserved'}
2022-04-28 17:54:06,847 INFO [root] [utils.py(common_assert:55)] - test
2022-04-28 17:55:45,627 INFO [root] [test_login01.py(test_login_success:71)] - json_data={'code': 0, 'msg': 'OK', 'data': {'id': 2, 'leave_amount': 100.0, 'mobile_phone': '13800000002', 'reg_name': 'Postman_t', 'reg_time': '2022-04-26 10:38:51.0', 'type': 0, 'token_info': {'token_type': 'Bearer', 'expires_in': '2022-04-28 10:00:46', 'token': 'eyJhbGciOiJIUzUxMiJ9.eyJtZW1iZXJfaWQiOjIsImV4cCI6MTY1MTE0MDA0Nn0.CBLxVrCdxqpZ3IM7JwEBagKIBF_-cAwEL_TgMYX5m4dlsrfIfUJ4SyA_O1ohlKhNkJPf5lafharUqmWCWus_hA'}}, 'copyright': 'Copyright 柠檬班 © 2017-2020 湖南省零檬信息技术有限公司 All Rights Reserved'}
2022-04-28 17:55:45,628 INFO [root] [utils.py(common_assert:55)] - test
2022-04-28 17:58:59,284 INFO [root] [test_login01.py(test_login_success:71)] - json_data={'code': 0, 'msg': 'OK', 'data': {'id': 2, 'leave_amount': 100.0, 'mobile_phone': '13800000002', 'reg_name': 'Postman_t', 'reg_time': '2022-04-26 10:38:51.0', 'type': 0, 'token_info': {'token_type': 'Bearer', 'expires_in': '2022-04-28 10:03:59', 'token': 'eyJhbGciOiJIUzUxMiJ9.eyJtZW1iZXJfaWQiOjIsImV4cCI6MTY1MTE0MDIzOX0.Ql7L1pWfksTfvZJiJW-gDmKJXShxj3ebeZafNakZZ6aUjiaaurj-NG9DcpQXmQSHRrsKtOy8OaIYn8E5NPfOvw'}}, 'copyright': 'Copyright 柠檬班 © 2017-2020 湖南省零檬信息技术有限公司 All Rights Reserved'}
2022-04-28 17:58:59,287 INFO [root] [utils.py(common_assert:55)] - test
2022-04-28 17:59:42,971 INFO [root] [test_login01.py(test_login_success:71)] - json_data={'code': 0, 'msg': 'OK', 'data': {'id': 2, 'leave_amount': 100.0, 'mobile_phone': '13800000002', 'reg_name': 'Postman_t', 'reg_time': '2022-04-26 10:38:51.0', 'type': 0, 'token_info': {'token_type': 'Bearer', 'expires_in': '2022-04-28 10:04:43', 'token': 'eyJhbGciOiJIUzUxMiJ9.eyJtZW1iZXJfaWQiOjIsImV4cCI6MTY1MTE0MDI4M30.kB_s5bMJbPNVQg878fndC7ZhmqN_lTdrQeUQ6o4ppjDVkvPh9QhgWjQStiCm1-EX5K1J98RacudbcVaZQXZXeQ'}}, 'copyright': 'Copyright 柠檬班 © 2017-2020 湖南省零檬信息技术有限公司 All Rights Reserved'}
2022-04-28 17:59:42,972 INFO [root] [utils.py(common_assert:55)] - test
