2022-04-29 22:25:04,070 INFO [root] [test_register.py(build_data:31)] - test_data=[('13012312334', '1234567@', 1, 'reg_name', 200, 0, 'OK'), ('13012312334', '', 1, 'reg_name', 200, 1, '密码为空'), ('', '12345678', 1, 'reg_name', 200, 1, '手机号为空')]
2022-04-29 22:25:04,082 INFO [root] [login.py(__init__:18)] - login_url: http://api.mypeng.site:8080/futureloan/member/login
2022-04-29 22:25:04,296 INFO [root] [login.py(login:37)] - response= {'code': 0, 'msg': 'OK', 'data': {'id': 2, 'leave_amount': 100.0, 'mobile_phone': '13800000002', 'reg_name': 'Postman_t', 'reg_time': '2022-04-26 10:38:51.0', 'type': 0, 'token_info': {'token_type': 'Bearer', 'expires_in': '2022-04-29 14:30:04', 'token': 'eyJhbGciOiJIUzUxMiJ9.eyJtZW1iZXJfaWQiOjIsImV4cCI6MTY1MTI0MjYwNH0.qrOyHxs5Lg2wf_UonE1mbSMO5Zd702p1Cq4TJ4qWdgAZug0FzUrIbKKmurd_YpGIJjug22fNGBe89QK5PJufHg'}}, 'copyright': 'Copyright 柠檬班 © 2017-2020 湖南省零檬信息技术有限公司 All Rights Reserved'}
2022-04-29 22:25:04,296 INFO [root] [test_login_success.py(test_login_success:27)] - response= {'code': 0, 'msg': 'OK', 'data': {'id': 2, 'leave_amount': 100.0, 'mobile_phone': '13800000002', 'reg_name': 'Postman_t', 'reg_time': '2022-04-26 10:38:51.0', 'type': 0, 'token_info': {'token_type': 'Bearer', 'expires_in': '2022-04-29 14:30:04', 'token': 'eyJhbGciOiJIUzUxMiJ9.eyJtZW1iZXJfaWQiOjIsImV4cCI6MTY1MTI0MjYwNH0.qrOyHxs5Lg2wf_UonE1mbSMO5Zd702p1Cq4TJ4qWdgAZug0FzUrIbKKmurd_YpGIJjug22fNGBe89QK5PJufHg'}}, 'copyright': 'Copyright 柠檬班 © 2017-2020 湖南省零檬信息技术有限公司 All Rights Reserved'}
2022-04-29 22:25:04,297 INFO [root] [utils.py(common_assert:55)] - status_code断言完毕,预期：200,实际结果：200
2022-04-29 22:25:04,298 INFO [root] [utils.py(common_assert:57)] - 字段code断言完毕,预期：0,实际结果：0
2022-04-29 22:25:04,299 INFO [root] [utils.py(common_assert:59)] - 字段msg断言完毕,预期：OK,实际结果：OK
2022-04-29 22:25:04,300 INFO [root] [test_login_success.py(test_login_success:35)] - utils.header_data== {'Content-Type': 'application/json', 'X-Lemonban-Media-Type': 'lemonban.v2', 'Authorization': 'Bearer eyJhbGciOiJIUzUxMiJ9.eyJtZW1iZXJfaWQiOjIsImV4cCI6MTY1MTI0MjYwNH0.qrOyHxs5Lg2wf_UonE1mbSMO5Zd702p1Cq4TJ4qWdgAZug0FzUrIbKKmurd_YpGIJjug22fNGBe89QK5PJufHg'}
2022-04-29 22:25:04,300 INFO [root] [register.py(register:39)] - 开始请求注册接口 ing 
2022-04-29 22:25:04,346 INFO [root] [test_register_success.py(test_register_success:29)] - response= {'code': 0, 'msg': 'OK', 'data': {'id': 169, 'reg_name': 'AutoTestPy', 'mobile_phone': '13551242304'}, 'copyright': 'Copyright 柠檬班 © 2017-2020 湖南省零檬信息技术有限公司 All Rights Reserved'}
2022-04-29 22:25:04,346 INFO [root] [utils.py(common_assert:55)] - status_code断言完毕,预期：200,实际结果：200
2022-04-29 22:25:04,346 INFO [root] [utils.py(common_assert:57)] - 字段code断言完毕,预期：0,实际结果：0
2022-04-29 22:25:04,346 INFO [root] [utils.py(common_assert:59)] - 字段msg断言完毕,预期：OK,实际结果：OK
2022-04-29 22:25:04,347 INFO [root] [test_register_success.py(test_register_success:33)] - 注册成功用例执行完毕！
2022-04-29 22:25:04,347 INFO [root] [login.py(__init__:18)] - login_url: http://api.mypeng.site:8080/futureloan/member/login
2022-04-29 22:25:04,347 INFO [root] [test_login.py(test_login:41)] - 打印取到的参数化数据： 15851218321，1234567@，200，0，OK
2022-04-29 22:25:04,376 INFO [root] [login.py(login:37)] - response= {'code': 0, 'msg': 'OK', 'data': {'id': 133, 'leave_amount': 0.0, 'mobile_phone': '15851218321', 'reg_name': 'AutoTestPy', 'reg_time': '2022-04-29 07:45:23.0', 'type': 1, 'token_info': {'token_type': 'Bearer', 'expires_in': '2022-04-29 14:30:04', 'token': 'eyJhbGciOiJIUzUxMiJ9.eyJtZW1iZXJfaWQiOjEzMywiZXhwIjoxNjUxMjQyNjA0fQ.ZYZBYwuRc-h2v-b2Be6kKARCU89fVnU4m-58xC_XtJap4nP_wJCeVTTqspS7UwlljfGDXGbBVyOFUx1YjMQXig'}}, 'copyright': 'Copyright 柠檬班 © 2017-2020 湖南省零檬信息技术有限公司 All Rights Reserved'}
2022-04-29 22:25:04,377 INFO [root] [test_login.py(test_login:44)] - response= {'code': 0, 'msg': 'OK', 'data': {'id': 133, 'leave_amount': 0.0, 'mobile_phone': '15851218321', 'reg_name': 'AutoTestPy', 'reg_time': '2022-04-29 07:45:23.0', 'type': 1, 'token_info': {'token_type': 'Bearer', 'expires_in': '2022-04-29 14:30:04', 'token': 'eyJhbGciOiJIUzUxMiJ9.eyJtZW1iZXJfaWQiOjEzMywiZXhwIjoxNjUxMjQyNjA0fQ.ZYZBYwuRc-h2v-b2Be6kKARCU89fVnU4m-58xC_XtJap4nP_wJCeVTTqspS7UwlljfGDXGbBVyOFUx1YjMQXig'}}, 'copyright': 'Copyright 柠檬班 © 2017-2020 湖南省零檬信息技术有限公司 All Rights Reserved'}
2022-04-29 22:25:04,377 INFO [root] [utils.py(common_assert:55)] - status_code断言完毕,预期：200,实际结果：200
2022-04-29 22:25:04,377 INFO [root] [utils.py(common_assert:57)] - 字段code断言完毕,预期：0,实际结果：0
2022-04-29 22:25:04,378 INFO [root] [utils.py(common_assert:59)] - 字段msg断言完毕,预期：OK,实际结果：OK
2022-04-29 22:25:04,378 INFO [root] [test_login.py(test_login:49)] - Login用例执行完毕 ***************************************************************************
2022-04-29 22:25:04,378 INFO [root] [test_login.py(test_login:54)] - utils.header_data== {'Content-Type': 'application/json', 'X-Lemonban-Media-Type': 'lemonban.v2', 'Authorization': 'Bearer eyJhbGciOiJIUzUxMiJ9.eyJtZW1iZXJfaWQiOjEzMywiZXhwIjoxNjUxMjQyNjA0fQ.ZYZBYwuRc-h2v-b2Be6kKARCU89fVnU4m-58xC_XtJap4nP_wJCeVTTqspS7UwlljfGDXGbBVyOFUx1YjMQXig'}
2022-04-29 22:25:04,379 INFO [root] [test_login.py(test_login:41)] - 打印取到的参数化数据： 15946581029，123456，200，1001，账号信息错误
2022-04-29 22:25:04,409 INFO [root] [login.py(login:37)] - response= {'code': 1001, 'msg': '账号信息错误', 'data': None, 'copyright': 'Copyright 柠檬班 © 2017-2020 湖南省零檬信息技术有限公司 All Rights Reserved'}
2022-04-29 22:25:04,410 INFO [root] [test_login.py(test_login:44)] - response= {'code': 1001, 'msg': '账号信息错误', 'data': None, 'copyright': 'Copyright 柠檬班 © 2017-2020 湖南省零檬信息技术有限公司 All Rights Reserved'}
2022-04-29 22:25:04,410 INFO [root] [utils.py(common_assert:55)] - status_code断言完毕,预期：200,实际结果：200
2022-04-29 22:25:04,410 INFO [root] [utils.py(common_assert:57)] - 字段code断言完毕,预期：1001,实际结果：1001
2022-04-29 22:25:04,410 INFO [root] [utils.py(common_assert:59)] - 字段msg断言完毕,预期：账号信息错误,实际结果：账号信息错误
2022-04-29 22:25:04,411 INFO [root] [test_login.py(test_login:49)] - Login用例执行完毕 ***************************************************************************
2022-04-29 22:25:04,411 INFO [root] [test_login.py(test_login:41)] - 打印取到的参数化数据： 1877276445，123456，200，2，无效的手机格式
2022-04-29 22:25:04,444 INFO [root] [login.py(login:37)] - response= {'code': 2, 'msg': '无效的手机格式', 'data': None, 'copyright': 'Copyright 柠檬班 © 2017-2020 湖南省零檬信息技术有限公司 All Rights Reserved'}
2022-04-29 22:25:04,445 INFO [root] [test_login.py(test_login:44)] - response= {'code': 2, 'msg': '无效的手机格式', 'data': None, 'copyright': 'Copyright 柠檬班 © 2017-2020 湖南省零檬信息技术有限公司 All Rights Reserved'}
2022-04-29 22:25:04,446 INFO [root] [utils.py(common_assert:55)] - status_code断言完毕,预期：200,实际结果：200
2022-04-29 22:25:04,446 INFO [root] [utils.py(common_assert:57)] - 字段code断言完毕,预期：2,实际结果：2
2022-04-29 22:25:04,446 INFO [root] [utils.py(common_assert:59)] - 字段msg断言完毕,预期：无效的手机格式,实际结果：无效的手机格式
2022-04-29 22:25:04,446 INFO [root] [test_login.py(test_login:49)] - Login用例执行完毕 ***************************************************************************
2022-04-29 22:25:04,446 INFO [root] [test_login.py(test_login:41)] - 打印取到的参数化数据： 18772764475，，200，1，密码为空
2022-04-29 22:25:04,474 INFO [root] [login.py(login:37)] - response= {'code': 1, 'msg': '密码为空', 'data': None, 'copyright': 'Copyright 柠檬班 © 2017-2020 湖南省零檬信息技术有限公司 All Rights Reserved'}
2022-04-29 22:25:04,474 INFO [root] [test_login.py(test_login:44)] - response= {'code': 1, 'msg': '密码为空', 'data': None, 'copyright': 'Copyright 柠檬班 © 2017-2020 湖南省零檬信息技术有限公司 All Rights Reserved'}
2022-04-29 22:25:04,474 INFO [root] [utils.py(common_assert:55)] - status_code断言完毕,预期：200,实际结果：200
2022-04-29 22:25:04,474 INFO [root] [utils.py(common_assert:57)] - 字段code断言完毕,预期：1,实际结果：1
2022-04-29 22:25:04,474 INFO [root] [utils.py(common_assert:59)] - 字段msg断言完毕,预期：密码为空,实际结果：密码为空
2022-04-29 22:25:04,474 INFO [root] [test_login.py(test_login:49)] - Login用例执行完毕 ***************************************************************************
2022-04-29 22:25:04,520 INFO [root] [dbUtil.py(write_db:45)] - sql执行完毕,影响行数0
2022-04-29 22:25:04,521 INFO [root] [register.py(register:39)] - 开始请求注册接口 ing 
2022-04-29 22:25:04,554 INFO [root] [test_register.py(test_register:52)] - response= {'code': 0, 'msg': 'OK', 'data': {'id': 170, 'reg_name': 'reg_name', 'mobile_phone': '13012312334'}, 'copyright': 'Copyright 柠檬班 © 2017-2020 湖南省零檬信息技术有限公司 All Rights Reserved'}
2022-04-29 22:25:04,555 INFO [root] [utils.py(common_assert:55)] - status_code断言完毕,预期：200,实际结果：200
2022-04-29 22:25:04,555 INFO [root] [utils.py(common_assert:57)] - 字段code断言完毕,预期：0,实际结果：0
2022-04-29 22:25:04,555 INFO [root] [utils.py(common_assert:59)] - 字段msg断言完毕,预期：OK,实际结果：OK
2022-04-29 22:25:04,615 INFO [root] [dbUtil.py(write_db:45)] - sql执行完毕,影响行数1
2022-04-29 22:25:04,615 INFO [root] [register.py(register:39)] - 开始请求注册接口 ing 
2022-04-29 22:25:04,641 INFO [root] [test_register.py(test_register:52)] - response= {'code': 1, 'msg': '密码为空', 'data': None, 'copyright': 'Copyright 柠檬班 © 2017-2020 湖南省零檬信息技术有限公司 All Rights Reserved'}
2022-04-29 22:25:04,643 INFO [root] [utils.py(common_assert:55)] - status_code断言完毕,预期：200,实际结果：200
2022-04-29 22:25:04,643 INFO [root] [utils.py(common_assert:57)] - 字段code断言完毕,预期：1,实际结果：1
2022-04-29 22:25:04,644 INFO [root] [utils.py(common_assert:59)] - 字段msg断言完毕,预期：密码为空,实际结果：密码为空
2022-04-29 22:25:04,694 ERROR [root] [dbUtil.py(write_db:49)] - sql执行失败！
2022-04-29 22:25:04,695 INFO [root] [register.py(register:39)] - 开始请求注册接口 ing 
2022-04-29 22:25:04,723 INFO [root] [test_register.py(test_register:52)] - response= {'code': 1, 'msg': '手机号为空', 'data': None, 'copyright': 'Copyright 柠檬班 © 2017-2020 湖南省零檬信息技术有限公司 All Rights Reserved'}
2022-04-29 22:25:04,724 INFO [root] [utils.py(common_assert:55)] - status_code断言完毕,预期：200,实际结果：200
2022-04-29 22:25:04,724 INFO [root] [utils.py(common_assert:57)] - 字段code断言完毕,预期：1,实际结果：1
2022-04-29 22:25:04,724 INFO [root] [utils.py(common_assert:59)] - 字段msg断言完毕,预期：手机号为空,实际结果：手机号为空
2022-04-29 22:25:04,725 INFO [root] [run_suite.py(<module>:28)] - 用例执行完毕！！！！！！
2022-04-29 22:27:14,743 INFO [root] [test_register.py(build_data:31)] - test_data=[('13012312334', '1234567@', 1, 'reg_name', 200, 0, 'OK'), ('13012312334', '', 1, 'reg_name', 200, 1, '密码为空'), ('', '12345678', 1, 'reg_name', 200, 1, '手机号为空')]
2022-04-29 22:27:14,747 INFO [root] [login.py(__init__:18)] - login_url: http://api.mypeng.site:8080/futureloan/member/login
2022-04-29 22:27:14,784 INFO [root] [login.py(login:37)] - response= {'code': 0, 'msg': 'OK', 'data': {'id': 2, 'leave_amount': 100.0, 'mobile_phone': '13800000002', 'reg_name': 'Postman_t', 'reg_time': '2022-04-26 10:38:51.0', 'type': 0, 'token_info': {'token_type': 'Bearer', 'expires_in': '2022-04-29 14:32:14', 'token': 'eyJhbGciOiJIUzUxMiJ9.eyJtZW1iZXJfaWQiOjIsImV4cCI6MTY1MTI0MjczNH0.NjI_PBPKcvkq5_v9IoGQttNmvFw4PbW68muG5Y1KT0rVMKedTlq4dMIazPOOES0NZLgywUtP_-ZEWGttJZbwzg'}}, 'copyright': 'Copyright 柠檬班 © 2017-2020 湖南省零檬信息技术有限公司 All Rights Reserved'}
2022-04-29 22:27:14,785 INFO [root] [test_login_success.py(test_login_success:27)] - response= {'code': 0, 'msg': 'OK', 'data': {'id': 2, 'leave_amount': 100.0, 'mobile_phone': '13800000002', 'reg_name': 'Postman_t', 'reg_time': '2022-04-26 10:38:51.0', 'type': 0, 'token_info': {'token_type': 'Bearer', 'expires_in': '2022-04-29 14:32:14', 'token': 'eyJhbGciOiJIUzUxMiJ9.eyJtZW1iZXJfaWQiOjIsImV4cCI6MTY1MTI0MjczNH0.NjI_PBPKcvkq5_v9IoGQttNmvFw4PbW68muG5Y1KT0rVMKedTlq4dMIazPOOES0NZLgywUtP_-ZEWGttJZbwzg'}}, 'copyright': 'Copyright 柠檬班 © 2017-2020 湖南省零檬信息技术有限公司 All Rights Reserved'}
2022-04-29 22:27:14,786 INFO [root] [utils.py(common_assert:55)] - status_code断言完毕,预期：200,实际结果：200
2022-04-29 22:27:14,786 INFO [root] [utils.py(common_assert:57)] - 字段code断言完毕,预期：0,实际结果：0
2022-04-29 22:27:14,787 INFO [root] [utils.py(common_assert:59)] - 字段msg断言完毕,预期：OK,实际结果：OK
2022-04-29 22:27:14,787 INFO [root] [test_login_success.py(test_login_success:35)] - utils.header_data== {'Content-Type': 'application/json', 'X-Lemonban-Media-Type': 'lemonban.v2', 'Authorization': 'Bearer eyJhbGciOiJIUzUxMiJ9.eyJtZW1iZXJfaWQiOjIsImV4cCI6MTY1MTI0MjczNH0.NjI_PBPKcvkq5_v9IoGQttNmvFw4PbW68muG5Y1KT0rVMKedTlq4dMIazPOOES0NZLgywUtP_-ZEWGttJZbwzg'}
2022-04-29 22:27:14,787 INFO [root] [register.py(register:39)] - 开始请求注册接口 ing 
2022-04-29 22:27:14,822 INFO [root] [test_register_success.py(test_register_success:29)] - response= {'code': 0, 'msg': 'OK', 'data': {'id': 171, 'reg_name': 'AutoTestPy', 'mobile_phone': '15751242434'}, 'copyright': 'Copyright 柠檬班 © 2017-2020 湖南省零檬信息技术有限公司 All Rights Reserved'}
2022-04-29 22:27:14,822 INFO [root] [utils.py(common_assert:55)] - status_code断言完毕,预期：200,实际结果：200
2022-04-29 22:27:14,823 INFO [root] [utils.py(common_assert:57)] - 字段code断言完毕,预期：0,实际结果：0
2022-04-29 22:27:14,823 INFO [root] [utils.py(common_assert:59)] - 字段msg断言完毕,预期：OK,实际结果：OK
2022-04-29 22:27:14,823 INFO [root] [test_register_success.py(test_register_success:33)] - 注册成功用例执行完毕！
2022-04-29 22:27:14,823 INFO [root] [login.py(__init__:18)] - login_url: http://api.mypeng.site:8080/futureloan/member/login
2022-04-29 22:27:14,824 INFO [root] [test_login.py(test_login:41)] - 打印取到的参数化数据： 15851218321，1234567@，200，0，OK
2022-04-29 22:27:14,849 INFO [root] [login.py(login:37)] - response= {'code': 0, 'msg': 'OK', 'data': {'id': 133, 'leave_amount': 0.0, 'mobile_phone': '15851218321', 'reg_name': 'AutoTestPy', 'reg_time': '2022-04-29 07:45:23.0', 'type': 1, 'token_info': {'token_type': 'Bearer', 'expires_in': '2022-04-29 14:32:14', 'token': 'eyJhbGciOiJIUzUxMiJ9.eyJtZW1iZXJfaWQiOjEzMywiZXhwIjoxNjUxMjQyNzM0fQ.WXp8lU1M1sSRQxoIoTU60PL9KoR6C33z0gtN9GQWrgyL_djpiv3ykhc2Ig3QAmE4RAR4DHXDwTzbkAsunnJ8Ug'}}, 'copyright': 'Copyright 柠檬班 © 2017-2020 湖南省零檬信息技术有限公司 All Rights Reserved'}
2022-04-29 22:27:14,849 INFO [root] [test_login.py(test_login:44)] - response= {'code': 0, 'msg': 'OK', 'data': {'id': 133, 'leave_amount': 0.0, 'mobile_phone': '15851218321', 'reg_name': 'AutoTestPy', 'reg_time': '2022-04-29 07:45:23.0', 'type': 1, 'token_info': {'token_type': 'Bearer', 'expires_in': '2022-04-29 14:32:14', 'token': 'eyJhbGciOiJIUzUxMiJ9.eyJtZW1iZXJfaWQiOjEzMywiZXhwIjoxNjUxMjQyNzM0fQ.WXp8lU1M1sSRQxoIoTU60PL9KoR6C33z0gtN9GQWrgyL_djpiv3ykhc2Ig3QAmE4RAR4DHXDwTzbkAsunnJ8Ug'}}, 'copyright': 'Copyright 柠檬班 © 2017-2020 湖南省零檬信息技术有限公司 All Rights Reserved'}
2022-04-29 22:27:14,850 INFO [root] [utils.py(common_assert:55)] - status_code断言完毕,预期：200,实际结果：200
2022-04-29 22:27:14,850 INFO [root] [utils.py(common_assert:57)] - 字段code断言完毕,预期：0,实际结果：0
2022-04-29 22:27:14,850 INFO [root] [utils.py(common_assert:59)] - 字段msg断言完毕,预期：OK,实际结果：OK
2022-04-29 22:27:14,851 INFO [root] [test_login.py(test_login:49)] - Login用例执行完毕 ***************************************************************************
2022-04-29 22:27:14,851 INFO [root] [test_login.py(test_login:54)] - utils.header_data== {'Content-Type': 'application/json', 'X-Lemonban-Media-Type': 'lemonban.v2', 'Authorization': 'Bearer eyJhbGciOiJIUzUxMiJ9.eyJtZW1iZXJfaWQiOjEzMywiZXhwIjoxNjUxMjQyNzM0fQ.WXp8lU1M1sSRQxoIoTU60PL9KoR6C33z0gtN9GQWrgyL_djpiv3ykhc2Ig3QAmE4RAR4DHXDwTzbkAsunnJ8Ug'}
2022-04-29 22:27:14,851 INFO [root] [test_login.py(test_login:41)] - 打印取到的参数化数据： 15946581029，123456，200，1001，账号信息错误
2022-04-29 22:27:14,881 INFO [root] [login.py(login:37)] - response= {'code': 1001, 'msg': '账号信息错误', 'data': None, 'copyright': 'Copyright 柠檬班 © 2017-2020 湖南省零檬信息技术有限公司 All Rights Reserved'}
2022-04-29 22:27:14,882 INFO [root] [test_login.py(test_login:44)] - response= {'code': 1001, 'msg': '账号信息错误', 'data': None, 'copyright': 'Copyright 柠檬班 © 2017-2020 湖南省零檬信息技术有限公司 All Rights Reserved'}
2022-04-29 22:27:14,882 INFO [root] [utils.py(common_assert:55)] - status_code断言完毕,预期：200,实际结果：200
2022-04-29 22:27:14,882 INFO [root] [utils.py(common_assert:57)] - 字段code断言完毕,预期：1001,实际结果：1001
2022-04-29 22:27:14,883 INFO [root] [utils.py(common_assert:59)] - 字段msg断言完毕,预期：账号信息错误,实际结果：账号信息错误
2022-04-29 22:27:14,883 INFO [root] [test_login.py(test_login:49)] - Login用例执行完毕 ***************************************************************************
2022-04-29 22:27:14,883 INFO [root] [test_login.py(test_login:41)] - 打印取到的参数化数据： 1877276445，123456，200，2，无效的手机格式
2022-04-29 22:27:14,911 INFO [root] [login.py(login:37)] - response= {'code': 2, 'msg': '无效的手机格式', 'data': None, 'copyright': 'Copyright 柠檬班 © 2017-2020 湖南省零檬信息技术有限公司 All Rights Reserved'}
2022-04-29 22:27:14,912 INFO [root] [test_login.py(test_login:44)] - response= {'code': 2, 'msg': '无效的手机格式', 'data': None, 'copyright': 'Copyright 柠檬班 © 2017-2020 湖南省零檬信息技术有限公司 All Rights Reserved'}
2022-04-29 22:27:14,912 INFO [root] [utils.py(common_assert:55)] - status_code断言完毕,预期：200,实际结果：200
2022-04-29 22:27:14,912 INFO [root] [utils.py(common_assert:57)] - 字段code断言完毕,预期：2,实际结果：2
2022-04-29 22:27:14,912 INFO [root] [utils.py(common_assert:59)] - 字段msg断言完毕,预期：无效的手机格式,实际结果：无效的手机格式
2022-04-29 22:27:14,913 INFO [root] [test_login.py(test_login:49)] - Login用例执行完毕 ***************************************************************************
2022-04-29 22:27:14,913 INFO [root] [test_login.py(test_login:41)] - 打印取到的参数化数据： 18772764475，，200，1，密码为空
2022-04-29 22:27:14,938 INFO [root] [login.py(login:37)] - response= {'code': 1, 'msg': '密码为空', 'data': None, 'copyright': 'Copyright 柠檬班 © 2017-2020 湖南省零檬信息技术有限公司 All Rights Reserved'}
2022-04-29 22:27:14,938 INFO [root] [test_login.py(test_login:44)] - response= {'code': 1, 'msg': '密码为空', 'data': None, 'copyright': 'Copyright 柠檬班 © 2017-2020 湖南省零檬信息技术有限公司 All Rights Reserved'}
2022-04-29 22:27:14,938 INFO [root] [utils.py(common_assert:55)] - status_code断言完毕,预期：200,实际结果：200
2022-04-29 22:27:14,939 INFO [root] [utils.py(common_assert:57)] - 字段code断言完毕,预期：1,实际结果：1
2022-04-29 22:27:14,939 INFO [root] [utils.py(common_assert:59)] - 字段msg断言完毕,预期：密码为空,实际结果：密码为空
2022-04-29 22:27:14,939 INFO [root] [test_login.py(test_login:49)] - Login用例执行完毕 ***************************************************************************
2022-04-29 22:27:14,996 INFO [root] [dbUtil.py(write_db:45)] - sql执行完毕,影响行数0
2022-04-29 22:27:14,996 INFO [root] [register.py(register:39)] - 开始请求注册接口 ing 
2022-04-29 22:27:15,048 INFO [root] [test_register.py(test_register:52)] - response= {'code': 0, 'msg': 'OK', 'data': {'id': 172, 'reg_name': 'reg_name', 'mobile_phone': '13012312334'}, 'copyright': 'Copyright 柠檬班 © 2017-2020 湖南省零檬信息技术有限公司 All Rights Reserved'}
2022-04-29 22:27:15,050 INFO [root] [utils.py(common_assert:55)] - status_code断言完毕,预期：200,实际结果：200
2022-04-29 22:27:15,051 INFO [root] [utils.py(common_assert:57)] - 字段code断言完毕,预期：0,实际结果：0
2022-04-29 22:27:15,051 INFO [root] [utils.py(common_assert:59)] - 字段msg断言完毕,预期：OK,实际结果：OK
2022-04-29 22:27:15,114 INFO [root] [dbUtil.py(write_db:45)] - sql执行完毕,影响行数1
2022-04-29 22:27:15,115 INFO [root] [register.py(register:39)] - 开始请求注册接口 ing 
2022-04-29 22:27:15,143 INFO [root] [test_register.py(test_register:52)] - response= {'code': 1, 'msg': '密码为空', 'data': None, 'copyright': 'Copyright 柠檬班 © 2017-2020 湖南省零檬信息技术有限公司 All Rights Reserved'}
2022-04-29 22:27:15,144 INFO [root] [utils.py(common_assert:55)] - status_code断言完毕,预期：200,实际结果：200
2022-04-29 22:27:15,144 INFO [root] [utils.py(common_assert:57)] - 字段code断言完毕,预期：1,实际结果：1
2022-04-29 22:27:15,144 INFO [root] [utils.py(common_assert:59)] - 字段msg断言完毕,预期：密码为空,实际结果：密码为空
2022-04-29 22:27:15,187 ERROR [root] [dbUtil.py(write_db:49)] - sql执行失败！sql=DELETE FROM member WHERE mobile_phone = 
2022-04-29 22:27:15,188 INFO [root] [register.py(register:39)] - 开始请求注册接口 ing 
2022-04-29 22:27:15,218 INFO [root] [test_register.py(test_register:52)] - response= {'code': 1, 'msg': '手机号为空', 'data': None, 'copyright': 'Copyright 柠檬班 © 2017-2020 湖南省零檬信息技术有限公司 All Rights Reserved'}
2022-04-29 22:27:15,218 INFO [root] [utils.py(common_assert:55)] - status_code断言完毕,预期：200,实际结果：200
2022-04-29 22:27:15,218 INFO [root] [utils.py(common_assert:57)] - 字段code断言完毕,预期：1,实际结果：1
2022-04-29 22:27:15,219 INFO [root] [utils.py(common_assert:59)] - 字段msg断言完毕,预期：手机号为空,实际结果：手机号为空
2022-04-29 22:27:15,220 INFO [root] [run_suite.py(<module>:28)] - 用例执行完毕！！！！！！
2022-04-29 22:28:47,920 INFO [root] [test_register.py(build_data:31)] - test_data=[('13012312334', '1234567@', 1, 'reg_name', 200, 0, 'OK'), ('13012312334', '', 1, 'reg_name', 200, 1, '密码为空'), ('', '12345678', 1, 'reg_name', 200, 1, '手机号为空')]
2022-04-29 22:28:47,925 INFO [root] [login.py(__init__:18)] - login_url: http://api.mypeng.site:8080/futureloan/member/login
2022-04-29 22:28:47,962 INFO [root] [login.py(login:37)] - response= {'code': 0, 'msg': 'OK', 'data': {'id': 2, 'leave_amount': 100.0, 'mobile_phone': '13800000002', 'reg_name': 'Postman_t', 'reg_time': '2022-04-26 10:38:51.0', 'type': 0, 'token_info': {'token_type': 'Bearer', 'expires_in': '2022-04-29 14:33:48', 'token': 'eyJhbGciOiJIUzUxMiJ9.eyJtZW1iZXJfaWQiOjIsImV4cCI6MTY1MTI0MjgyOH0.KjKYmJuGjUM4sxAwUYYhpKBEjbrpwsNylUbn-bKSjTJANxp1nBL6GhzcK_Rc6-Xl6LmfBx8DihSdY3avtYEldQ'}}, 'copyright': 'Copyright 柠檬班 © 2017-2020 湖南省零檬信息技术有限公司 All Rights Reserved'}
2022-04-29 22:28:47,963 INFO [root] [test_login_success.py(test_login_success:27)] - response= {'code': 0, 'msg': 'OK', 'data': {'id': 2, 'leave_amount': 100.0, 'mobile_phone': '13800000002', 'reg_name': 'Postman_t', 'reg_time': '2022-04-26 10:38:51.0', 'type': 0, 'token_info': {'token_type': 'Bearer', 'expires_in': '2022-04-29 14:33:48', 'token': 'eyJhbGciOiJIUzUxMiJ9.eyJtZW1iZXJfaWQiOjIsImV4cCI6MTY1MTI0MjgyOH0.KjKYmJuGjUM4sxAwUYYhpKBEjbrpwsNylUbn-bKSjTJANxp1nBL6GhzcK_Rc6-Xl6LmfBx8DihSdY3avtYEldQ'}}, 'copyright': 'Copyright 柠檬班 © 2017-2020 湖南省零檬信息技术有限公司 All Rights Reserved'}
2022-04-29 22:28:47,963 INFO [root] [utils.py(common_assert:55)] - status_code断言完毕,预期：200,实际结果：200
2022-04-29 22:28:47,964 INFO [root] [utils.py(common_assert:57)] - 字段code断言完毕,预期：0,实际结果：0
2022-04-29 22:28:47,964 INFO [root] [utils.py(common_assert:59)] - 字段msg断言完毕,预期：OK,实际结果：OK
2022-04-29 22:28:47,964 INFO [root] [test_login_success.py(test_login_success:35)] - utils.header_data== {'Content-Type': 'application/json', 'X-Lemonban-Media-Type': 'lemonban.v2', 'Authorization': 'Bearer eyJhbGciOiJIUzUxMiJ9.eyJtZW1iZXJfaWQiOjIsImV4cCI6MTY1MTI0MjgyOH0.KjKYmJuGjUM4sxAwUYYhpKBEjbrpwsNylUbn-bKSjTJANxp1nBL6GhzcK_Rc6-Xl6LmfBx8DihSdY3avtYEldQ'}
2022-04-29 22:28:47,965 INFO [root] [register.py(register:39)] - 开始请求注册接口 ing 
2022-04-29 22:28:48,002 INFO [root] [test_register_success.py(test_register_success:29)] - response= {'code': 0, 'msg': 'OK', 'data': {'id': 173, 'reg_name': 'AutoTestPy', 'mobile_phone': '13251242527'}, 'copyright': 'Copyright 柠檬班 © 2017-2020 湖南省零檬信息技术有限公司 All Rights Reserved'}
2022-04-29 22:28:48,003 INFO [root] [utils.py(common_assert:55)] - status_code断言完毕,预期：200,实际结果：200
2022-04-29 22:28:48,003 INFO [root] [utils.py(common_assert:57)] - 字段code断言完毕,预期：0,实际结果：0
2022-04-29 22:28:48,003 INFO [root] [utils.py(common_assert:59)] - 字段msg断言完毕,预期：OK,实际结果：OK
2022-04-29 22:28:48,003 INFO [root] [test_register_success.py(test_register_success:33)] - 注册成功用例执行完毕！
2022-04-29 22:28:48,004 INFO [root] [login.py(__init__:18)] - login_url: http://api.mypeng.site:8080/futureloan/member/login
2022-04-29 22:28:48,005 INFO [root] [test_login.py(test_login:41)] - 打印取到的参数化数据： 15851218321，1234567@，200，0，OK
2022-04-29 22:28:48,040 INFO [root] [login.py(login:37)] - response= {'code': 0, 'msg': 'OK', 'data': {'id': 133, 'leave_amount': 0.0, 'mobile_phone': '15851218321', 'reg_name': 'AutoTestPy', 'reg_time': '2022-04-29 07:45:23.0', 'type': 1, 'token_info': {'token_type': 'Bearer', 'expires_in': '2022-04-29 14:33:48', 'token': 'eyJhbGciOiJIUzUxMiJ9.eyJtZW1iZXJfaWQiOjEzMywiZXhwIjoxNjUxMjQyODI4fQ.ai0OEYA0WNZMfH_l2OtHD_sW5At1_2noQkFTZkBz9PAqf9X3Amh1ljtQ8FWkP0ruZ_KK-PGy3OOm9ZkR4B_UMQ'}}, 'copyright': 'Copyright 柠檬班 © 2017-2020 湖南省零檬信息技术有限公司 All Rights Reserved'}
2022-04-29 22:28:48,040 INFO [root] [test_login.py(test_login:44)] - response= {'code': 0, 'msg': 'OK', 'data': {'id': 133, 'leave_amount': 0.0, 'mobile_phone': '15851218321', 'reg_name': 'AutoTestPy', 'reg_time': '2022-04-29 07:45:23.0', 'type': 1, 'token_info': {'token_type': 'Bearer', 'expires_in': '2022-04-29 14:33:48', 'token': 'eyJhbGciOiJIUzUxMiJ9.eyJtZW1iZXJfaWQiOjEzMywiZXhwIjoxNjUxMjQyODI4fQ.ai0OEYA0WNZMfH_l2OtHD_sW5At1_2noQkFTZkBz9PAqf9X3Amh1ljtQ8FWkP0ruZ_KK-PGy3OOm9ZkR4B_UMQ'}}, 'copyright': 'Copyright 柠檬班 © 2017-2020 湖南省零檬信息技术有限公司 All Rights Reserved'}
2022-04-29 22:28:48,040 INFO [root] [utils.py(common_assert:55)] - status_code断言完毕,预期：200,实际结果：200
2022-04-29 22:28:48,041 INFO [root] [utils.py(common_assert:57)] - 字段code断言完毕,预期：0,实际结果：0
2022-04-29 22:28:48,041 INFO [root] [utils.py(common_assert:59)] - 字段msg断言完毕,预期：OK,实际结果：OK
2022-04-29 22:28:48,041 INFO [root] [test_login.py(test_login:49)] - Login用例执行完毕 ***************************************************************************
2022-04-29 22:28:48,042 INFO [root] [test_login.py(test_login:54)] - utils.header_data== {'Content-Type': 'application/json', 'X-Lemonban-Media-Type': 'lemonban.v2', 'Authorization': 'Bearer eyJhbGciOiJIUzUxMiJ9.eyJtZW1iZXJfaWQiOjEzMywiZXhwIjoxNjUxMjQyODI4fQ.ai0OEYA0WNZMfH_l2OtHD_sW5At1_2noQkFTZkBz9PAqf9X3Amh1ljtQ8FWkP0ruZ_KK-PGy3OOm9ZkR4B_UMQ'}
2022-04-29 22:28:48,042 INFO [root] [test_login.py(test_login:41)] - 打印取到的参数化数据： 15946581029，123456，200，1001，账号信息错误
2022-04-29 22:28:48,070 INFO [root] [login.py(login:37)] - response= {'code': 1001, 'msg': '账号信息错误', 'data': None, 'copyright': 'Copyright 柠檬班 © 2017-2020 湖南省零檬信息技术有限公司 All Rights Reserved'}
2022-04-29 22:28:48,071 INFO [root] [test_login.py(test_login:44)] - response= {'code': 1001, 'msg': '账号信息错误', 'data': None, 'copyright': 'Copyright 柠檬班 © 2017-2020 湖南省零檬信息技术有限公司 All Rights Reserved'}
2022-04-29 22:28:48,071 INFO [root] [utils.py(common_assert:55)] - status_code断言完毕,预期：200,实际结果：200
2022-04-29 22:28:48,071 INFO [root] [utils.py(common_assert:57)] - 字段code断言完毕,预期：1001,实际结果：1001
2022-04-29 22:28:48,071 INFO [root] [utils.py(common_assert:59)] - 字段msg断言完毕,预期：账号信息错误,实际结果：账号信息错误
2022-04-29 22:28:48,072 INFO [root] [test_login.py(test_login:49)] - Login用例执行完毕 ***************************************************************************
2022-04-29 22:28:48,072 INFO [root] [test_login.py(test_login:41)] - 打印取到的参数化数据： 1877276445，123456，200，2，无效的手机格式
2022-04-29 22:28:48,104 INFO [root] [login.py(login:37)] - response= {'code': 2, 'msg': '无效的手机格式', 'data': None, 'copyright': 'Copyright 柠檬班 © 2017-2020 湖南省零檬信息技术有限公司 All Rights Reserved'}
2022-04-29 22:28:48,104 INFO [root] [test_login.py(test_login:44)] - response= {'code': 2, 'msg': '无效的手机格式', 'data': None, 'copyright': 'Copyright 柠檬班 © 2017-2020 湖南省零檬信息技术有限公司 All Rights Reserved'}
2022-04-29 22:28:48,105 INFO [root] [utils.py(common_assert:55)] - status_code断言完毕,预期：200,实际结果：200
2022-04-29 22:28:48,105 INFO [root] [utils.py(common_assert:57)] - 字段code断言完毕,预期：2,实际结果：2
2022-04-29 22:28:48,105 INFO [root] [utils.py(common_assert:59)] - 字段msg断言完毕,预期：无效的手机格式,实际结果：无效的手机格式
2022-04-29 22:28:48,105 INFO [root] [test_login.py(test_login:49)] - Login用例执行完毕 ***************************************************************************
2022-04-29 22:28:48,106 INFO [root] [test_login.py(test_login:41)] - 打印取到的参数化数据： 18772764475，，200，1，密码为空
2022-04-29 22:28:48,133 INFO [root] [login.py(login:37)] - response= {'code': 1, 'msg': '密码为空', 'data': None, 'copyright': 'Copyright 柠檬班 © 2017-2020 湖南省零檬信息技术有限公司 All Rights Reserved'}
2022-04-29 22:28:48,135 INFO [root] [test_login.py(test_login:44)] - response= {'code': 1, 'msg': '密码为空', 'data': None, 'copyright': 'Copyright 柠檬班 © 2017-2020 湖南省零檬信息技术有限公司 All Rights Reserved'}
2022-04-29 22:28:48,135 INFO [root] [utils.py(common_assert:55)] - status_code断言完毕,预期：200,实际结果：200
2022-04-29 22:28:48,136 INFO [root] [utils.py(common_assert:57)] - 字段code断言完毕,预期：1,实际结果：1
2022-04-29 22:28:48,136 INFO [root] [utils.py(common_assert:59)] - 字段msg断言完毕,预期：密码为空,实际结果：密码为空
2022-04-29 22:28:48,136 INFO [root] [test_login.py(test_login:49)] - Login用例执行完毕 ***************************************************************************
2022-04-29 22:28:48,193 INFO [root] [dbUtil.py(write_db:45)] - sql执行完毕,影响行数0
2022-04-29 22:28:48,194 INFO [root] [register.py(register:39)] - 开始请求注册接口 ing 
2022-04-29 22:28:48,250 INFO [root] [test_register.py(test_register:52)] - response= {'code': 0, 'msg': 'OK', 'data': {'id': 174, 'reg_name': 'reg_name', 'mobile_phone': '13012312334'}, 'copyright': 'Copyright 柠檬班 © 2017-2020 湖南省零檬信息技术有限公司 All Rights Reserved'}
2022-04-29 22:28:48,251 INFO [root] [utils.py(common_assert:55)] - status_code断言完毕,预期：200,实际结果：200
2022-04-29 22:28:48,251 INFO [root] [utils.py(common_assert:57)] - 字段code断言完毕,预期：0,实际结果：0
2022-04-29 22:28:48,251 INFO [root] [utils.py(common_assert:59)] - 字段msg断言完毕,预期：OK,实际结果：OK
2022-04-29 22:28:48,302 INFO [root] [dbUtil.py(write_db:45)] - sql执行完毕,影响行数1
2022-04-29 22:28:48,302 INFO [root] [register.py(register:39)] - 开始请求注册接口 ing 
2022-04-29 22:28:48,331 INFO [root] [test_register.py(test_register:52)] - response= {'code': 1, 'msg': '密码为空', 'data': None, 'copyright': 'Copyright 柠檬班 © 2017-2020 湖南省零檬信息技术有限公司 All Rights Reserved'}
2022-04-29 22:28:48,331 INFO [root] [utils.py(common_assert:55)] - status_code断言完毕,预期：200,实际结果：200
2022-04-29 22:28:48,332 INFO [root] [utils.py(common_assert:57)] - 字段code断言完毕,预期：1,实际结果：1
2022-04-29 22:28:48,332 INFO [root] [utils.py(common_assert:59)] - 字段msg断言完毕,预期：密码为空,实际结果：密码为空
2022-04-29 22:28:48,383 INFO [root] [register.py(register:39)] - 开始请求注册接口 ing 
2022-04-29 22:28:48,423 INFO [root] [test_register.py(test_register:52)] - response= {'code': 1, 'msg': '手机号为空', 'data': None, 'copyright': 'Copyright 柠檬班 © 2017-2020 湖南省零檬信息技术有限公司 All Rights Reserved'}
2022-04-29 22:28:48,424 INFO [root] [utils.py(common_assert:55)] - status_code断言完毕,预期：200,实际结果：200
2022-04-29 22:28:48,424 INFO [root] [utils.py(common_assert:57)] - 字段code断言完毕,预期：1,实际结果：1
2022-04-29 22:28:48,424 INFO [root] [utils.py(common_assert:59)] - 字段msg断言完毕,预期：手机号为空,实际结果：手机号为空
2022-04-29 22:28:48,428 INFO [root] [run_suite.py(<module>:28)] - 用例执行完毕！！！！！！
