2022-05-01 00:13:08,091 INFO [root] [information.py(__init__:20)] - info_url: http://api.mypeng.site:8080/futureloan/member/None/info
2022-05-01 00:13:08,091 INFO [root] [login.py(__init__:18)] - login_url: http://api.mypeng.site:8080/futureloan/member/login
2022-05-01 00:13:08,132 INFO [root] [login.py(login:35)] - response= {'code': 0, 'msg': 'OK', 'data': {'id': 112, 'leave_amount': 0.0, 'mobile_phone': '15851136191', 'reg_name': 'AutoTestPy', 'reg_time': '2022-04-28 08:56:31.0', 'type': 1, 'token_info': {'token_type': 'Bearer', 'expires_in': '2022-04-30 16:18:12', 'token': 'eyJhbGciOiJIUzUxMiJ9.eyJtZW1iZXJfaWQiOjExMiwiZXhwIjoxNjUxMzM1NDkyfQ.-wXpZPr8xAfERIe2DReLGdMvjw3YFfugxSsALCN7t4ZJINeNe1SbOYTuZguzfArxugVMl0WWeLLST0-DsRR6nQ'}}, 'copyright': 'Copyright 柠檬班 © 2017-2020 湖南省零檬信息技术有限公司 All Rights Reserved'}
2022-05-01 00:13:08,163 INFO [root] [information.py(get_information:30)] - response= {'code': 1003, 'copyright': 'Copyright 柠檬班 © 2017-2020 湖南省零檬信息技术有限公司 All Rights Reserved', 'msg': '未授权或token已过期'}
2022-05-01 00:13:29,022 INFO [root] [login.py(__init__:18)] - login_url: http://api.mypeng.site:8080/futureloan/member/login
2022-05-01 00:13:29,071 INFO [root] [login.py(login:35)] - response= {'code': 0, 'msg': 'OK', 'data': {'id': 2, 'leave_amount': 100.0, 'mobile_phone': '13800000002', 'reg_name': 'Postman_t', 'reg_time': '2022-04-26 10:38:51.0', 'type': 0, 'token_info': {'token_type': 'Bearer', 'expires_in': '2022-04-30 16:18:33', 'token': 'eyJhbGciOiJIUzUxMiJ9.eyJtZW1iZXJfaWQiOjIsImV4cCI6MTY1MTMzNTUxM30._U_AHYa4EzOgF6FEa-yJuQjdBfmDpk3MQWDzsLbpynjw-BKVGp2bYneHiskWusFKsqrRwNJ7VWcSFwsTbLbgYw'}}, 'copyright': 'Copyright 柠檬班 © 2017-2020 湖南省零檬信息技术有限公司 All Rights Reserved'}
2022-05-01 00:13:29,073 INFO [root] [test_login_success.py(test_login_success:27)] - response= {'code': 0, 'msg': 'OK', 'data': {'id': 2, 'leave_amount': 100.0, 'mobile_phone': '13800000002', 'reg_name': 'Postman_t', 'reg_time': '2022-04-26 10:38:51.0', 'type': 0, 'token_info': {'token_type': 'Bearer', 'expires_in': '2022-04-30 16:18:33', 'token': 'eyJhbGciOiJIUzUxMiJ9.eyJtZW1iZXJfaWQiOjIsImV4cCI6MTY1MTMzNTUxM30._U_AHYa4EzOgF6FEa-yJuQjdBfmDpk3MQWDzsLbpynjw-BKVGp2bYneHiskWusFKsqrRwNJ7VWcSFwsTbLbgYw'}}, 'copyright': 'Copyright 柠檬班 © 2017-2020 湖南省零檬信息技术有限公司 All Rights Reserved'}
2022-05-01 00:13:29,073 INFO [root] [utils.py(common_assert:55)] - status_code断言完毕,预期：200,实际结果：200
2022-05-01 00:13:29,073 INFO [root] [utils.py(common_assert:57)] - 字段code断言完毕,预期：0,实际结果：0
2022-05-01 00:13:29,075 INFO [root] [utils.py(common_assert:59)] - 字段msg断言完毕,预期：OK,实际结果：OK
2022-05-01 00:13:29,075 INFO [root] [test_login_success.py(test_login_success:35)] - utils.header_data== {'Content-Type': 'application/json', 'X-Lemonban-Media-Type': 'lemonban.v2', 'Authorization': 'Bearer eyJhbGciOiJIUzUxMiJ9.eyJtZW1iZXJfaWQiOjIsImV4cCI6MTY1MTMzNTUxM30._U_AHYa4EzOgF6FEa-yJuQjdBfmDpk3MQWDzsLbpynjw-BKVGp2bYneHiskWusFKsqrRwNJ7VWcSFwsTbLbgYw'}
2022-05-01 00:13:36,162 INFO [root] [information.py(__init__:20)] - info_url: http://api.mypeng.site:8080/futureloan/member/None/info
2022-05-01 00:13:36,162 INFO [root] [login.py(__init__:18)] - login_url: http://api.mypeng.site:8080/futureloan/member/login
2022-05-01 00:13:36,196 INFO [root] [login.py(login:35)] - response= {'code': 0, 'msg': 'OK', 'data': {'id': 112, 'leave_amount': 0.0, 'mobile_phone': '15851136191', 'reg_name': 'AutoTestPy', 'reg_time': '2022-04-28 08:56:31.0', 'type': 1, 'token_info': {'token_type': 'Bearer', 'expires_in': '2022-04-30 16:18:40', 'token': 'eyJhbGciOiJIUzUxMiJ9.eyJtZW1iZXJfaWQiOjExMiwiZXhwIjoxNjUxMzM1NTIwfQ.XZ3zCOqgY4GxAY9h6ibR5XK4mhWg-TJi4eOITzbw0zA2VbRjVNEho-mYD8prF3X4MrRxdFg95ZR0kQ038bW7fg'}}, 'copyright': 'Copyright 柠檬班 © 2017-2020 湖南省零檬信息技术有限公司 All Rights Reserved'}
2022-05-01 00:13:36,230 INFO [root] [information.py(get_information:30)] - response= {'code': 1003, 'copyright': 'Copyright 柠檬班 © 2017-2020 湖南省零檬信息技术有限公司 All Rights Reserved', 'msg': '未授权或token已过期'}
2022-05-01 00:15:05,528 INFO [root] [information.py(__init__:20)] - info_url: http://api.mypeng.site:8080/futureloan/member/None/info
2022-05-01 00:15:05,528 INFO [root] [login.py(__init__:18)] - login_url: http://api.mypeng.site:8080/futureloan/member/login
2022-05-01 00:15:05,576 INFO [root] [login.py(login:35)] - response= {'code': 0, 'msg': 'OK', 'data': {'id': 112, 'leave_amount': 0.0, 'mobile_phone': '15851136191', 'reg_name': 'AutoTestPy', 'reg_time': '2022-04-28 08:56:31.0', 'type': 1, 'token_info': {'token_type': 'Bearer', 'expires_in': '2022-04-30 16:20:09', 'token': 'eyJhbGciOiJIUzUxMiJ9.eyJtZW1iZXJfaWQiOjExMiwiZXhwIjoxNjUxMzM1NjA5fQ.BJTnbGqnnbwrfUT71Vk_Lglvbli11VngU4VtxJDXIL1ZApDb9afuL4K-BJebmc5W8bn1LyaxjJALEYPcVWa0Kw'}}, 'copyright': 'Copyright 柠檬班 © 2017-2020 湖南省零檬信息技术有限公司 All Rights Reserved'}
2022-05-01 00:15:05,577 INFO [root] [information.py(get_information:31)] - utils.header_data== {'Content-Type': 'application/json', 'X-Lemonban-Media-Type': 'lemonban.v2', 'Authorization': 'Bearer eyJhbGciOiJIUzUxMiJ9.eyJtZW1iZXJfaWQiOjExMiwiZXhwIjoxNjUxMzM1NjA5fQ.BJTnbGqnnbwrfUT71Vk_Lglvbli11VngU4VtxJDXIL1ZApDb9afuL4K-BJebmc5W8bn1LyaxjJALEYPcVWa0Kw'}
2022-05-01 00:15:05,632 INFO [root] [information.py(get_information:37)] - response= {'code': 1005, 'msg': 'Failed to convert value of type \'java.lang.String\' to required type \'java.lang.Long\'; nested exception is java.lang.NumberFormatException: For input string: "None"', 'data': None, 'copyright': 'Copyright 柠檬班 © 2017-2020 湖南省零檬信息技术有限公司 All Rights Reserved'}
2022-05-01 00:15:35,771 INFO [root] [information.py(__init__:20)] - info_url: http://api.mypeng.site:8080/futureloan/member/None/info
2022-05-01 00:15:35,772 INFO [root] [login.py(__init__:18)] - login_url: http://api.mypeng.site:8080/futureloan/member/login
2022-05-01 00:15:35,811 INFO [root] [login.py(login:35)] - response= {'code': 0, 'msg': 'OK', 'data': {'id': 112, 'leave_amount': 0.0, 'mobile_phone': '15851136191', 'reg_name': 'AutoTestPy', 'reg_time': '2022-04-28 08:56:31.0', 'type': 1, 'token_info': {'token_type': 'Bearer', 'expires_in': '2022-04-30 16:20:39', 'token': 'eyJhbGciOiJIUzUxMiJ9.eyJtZW1iZXJfaWQiOjExMiwiZXhwIjoxNjUxMzM1NjM5fQ.AgoXEYCbH31-6phK5VC_y3ailch8WoOk_iJFK4eLYGv74EH6ww6lq9atjsWc6RT3qUVJd96jI9K5pbwhf4fBLw'}}, 'copyright': 'Copyright 柠檬班 © 2017-2020 湖南省零檬信息技术有限公司 All Rights Reserved'}
2022-05-01 00:15:35,812 INFO [root] [information.py(get_information:31)] - utils.header_data== {'Content-Type': 'application/json', 'X-Lemonban-Media-Type': 'lemonban.v2', 'Authorization': 'Bearer eyJhbGciOiJIUzUxMiJ9.eyJtZW1iZXJfaWQiOjExMiwiZXhwIjoxNjUxMzM1NjM5fQ.AgoXEYCbH31-6phK5VC_y3ailch8WoOk_iJFK4eLYGv74EH6ww6lq9atjsWc6RT3qUVJd96jI9K5pbwhf4fBLw'}
2022-05-01 00:15:35,842 INFO [root] [information.py(get_information:37)] - response= {'code': 1005, 'msg': 'Failed to convert value of type \'java.lang.String\' to required type \'java.lang.Long\'; nested exception is java.lang.NumberFormatException: For input string: "None"', 'data': None, 'copyright': 'Copyright 柠檬班 © 2017-2020 湖南省零檬信息技术有限公司 All Rights Reserved'}
2022-05-01 00:16:39,948 INFO [root] [login.py(__init__:18)] - login_url: http://api.mypeng.site:8080/futureloan/member/login
2022-05-01 00:16:39,977 INFO [root] [login.py(login:35)] - response= {'code': 0, 'msg': 'OK', 'data': {'id': 112, 'leave_amount': 0.0, 'mobile_phone': '15851136191', 'reg_name': 'AutoTestPy', 'reg_time': '2022-04-28 08:56:31.0', 'type': 1, 'token_info': {'token_type': 'Bearer', 'expires_in': '2022-04-30 16:21:44', 'token': 'eyJhbGciOiJIUzUxMiJ9.eyJtZW1iZXJfaWQiOjExMiwiZXhwIjoxNjUxMzM1NzA0fQ.eO4dp_dMdAtyg36qnTBga-w9f0E3g_yquWZERaWXGmnUtDzj4lpFnzdKxg05t-znVxGcerxSeqEdcRrfBeay-w'}}, 'copyright': 'Copyright 柠檬班 © 2017-2020 湖南省零檬信息技术有限公司 All Rights Reserved'}
2022-05-01 00:16:39,977 INFO [root] [information.py(get_information:27)] - info_url: http://api.mypeng.site:8080/futureloan/member/112/info
2022-05-01 00:16:39,978 INFO [root] [information.py(get_information:31)] - utils.header_data== {'Content-Type': 'application/json', 'X-Lemonban-Media-Type': 'lemonban.v2', 'Authorization': 'Bearer eyJhbGciOiJIUzUxMiJ9.eyJtZW1iZXJfaWQiOjExMiwiZXhwIjoxNjUxMzM1NzA0fQ.eO4dp_dMdAtyg36qnTBga-w9f0E3g_yquWZERaWXGmnUtDzj4lpFnzdKxg05t-znVxGcerxSeqEdcRrfBeay-w'}
2022-05-01 00:16:40,013 INFO [root] [information.py(get_information:37)] - response= {'code': 0, 'msg': 'OK', 'data': {'id': 112, 'leave_amount': 0.0, 'mobile_phone': '15851136191', 'reg_name': 'AutoTestPy', 'reg_time': '2022-04-28 08:56:31.0', 'type': 1}, 'copyright': 'Copyright 柠檬班 © 2017-2020 湖南省零檬信息技术有限公司 All Rights Reserved'}
2022-05-01 00:18:15,643 INFO [root] [login.py(__init__:18)] - login_url: http://api.mypeng.site:8080/futureloan/member/login
2022-05-01 00:18:15,679 INFO [root] [login.py(login:35)] - response= {'code': 0, 'msg': 'OK', 'data': {'id': 112, 'leave_amount': 0.0, 'mobile_phone': '15851136191', 'reg_name': 'AutoTestPy', 'reg_time': '2022-04-28 08:56:31.0', 'type': 1, 'token_info': {'token_type': 'Bearer', 'expires_in': '2022-04-30 16:23:19', 'token': 'eyJhbGciOiJIUzUxMiJ9.eyJtZW1iZXJfaWQiOjExMiwiZXhwIjoxNjUxMzM1Nzk5fQ.pRC8jqXWgEZnOmKC4ZDFa1geen1DOgCVifKHyk0gGQXeZ7EM18PYrCm0VAl4myIvLAGHH16mQ3DuSf0dtaWRKw'}}, 'copyright': 'Copyright 柠檬班 © 2017-2020 湖南省零檬信息技术有限公司 All Rights Reserved'}
2022-05-01 00:18:15,679 INFO [root] [information.py(__init__:22)] - info_url: http://api.mypeng.site:8080/futureloan/member/112/info
2022-05-01 00:18:15,680 INFO [root] [information.py(__init__:26)] - utils.header_data== {'Content-Type': 'application/json', 'X-Lemonban-Media-Type': 'lemonban.v2', 'Authorization': 'Bearer eyJhbGciOiJIUzUxMiJ9.eyJtZW1iZXJfaWQiOjExMiwiZXhwIjoxNjUxMzM1Nzk5fQ.pRC8jqXWgEZnOmKC4ZDFa1geen1DOgCVifKHyk0gGQXeZ7EM18PYrCm0VAl4myIvLAGHH16mQ3DuSf0dtaWRKw'}
2022-05-01 00:18:15,709 INFO [root] [information.py(get_information:34)] - response= {'code': 0, 'msg': 'OK', 'data': {'id': 112, 'leave_amount': 0.0, 'mobile_phone': '15851136191', 'reg_name': 'AutoTestPy', 'reg_time': '2022-04-28 08:56:31.0', 'type': 1}, 'copyright': 'Copyright 柠檬班 © 2017-2020 湖南省零檬信息技术有限公司 All Rights Reserved'}
2022-05-01 00:19:52,162 INFO [root] [login.py(__init__:18)] - login_url: http://api.mypeng.site:8080/futureloan/member/login
2022-05-01 00:19:52,208 INFO [root] [login.py(login:35)] - response= {'code': 0, 'msg': 'OK', 'data': {'id': 112, 'leave_amount': 0.0, 'mobile_phone': '15851136191', 'reg_name': 'AutoTestPy', 'reg_time': '2022-04-28 08:56:31.0', 'type': 1, 'token_info': {'token_type': 'Bearer', 'expires_in': '2022-04-30 16:24:56', 'token': 'eyJhbGciOiJIUzUxMiJ9.eyJtZW1iZXJfaWQiOjExMiwiZXhwIjoxNjUxMzM1ODk2fQ.Xr5ZTqS1KhKu70RerxkAYhzICU_OAyGnj8X1zJyATBuvFsqBmrxGur-sSk-O1mm3Df3fiG6MCgmH2p28nMN9Ig'}}, 'copyright': 'Copyright 柠檬班 © 2017-2020 湖南省零檬信息技术有限公司 All Rights Reserved'}
2022-05-01 00:19:52,208 INFO [root] [information.py(__init__:22)] - info_url: http://api.mypeng.site:8080/futureloan/member/112/info
2022-05-01 00:19:52,208 INFO [root] [information.py(__init__:26)] - utils.header_data== {'Content-Type': 'application/json', 'X-Lemonban-Media-Type': 'lemonban.v2', 'Authorization': 'Bearer eyJhbGciOiJIUzUxMiJ9.eyJtZW1iZXJfaWQiOjExMiwiZXhwIjoxNjUxMzM1ODk2fQ.Xr5ZTqS1KhKu70RerxkAYhzICU_OAyGnj8X1zJyATBuvFsqBmrxGur-sSk-O1mm3Df3fiG6MCgmH2p28nMN9Ig'}
2022-05-01 00:19:52,261 INFO [root] [information.py(get_information:34)] - response= {'code': 0, 'msg': 'OK', 'data': {'id': 112, 'leave_amount': 0.0, 'mobile_phone': '15851136191', 'reg_name': 'AutoTestPy', 'reg_time': '2022-04-28 08:56:31.0', 'type': 1}, 'copyright': 'Copyright 柠檬班 © 2017-2020 湖南省零檬信息技术有限公司 All Rights Reserved'}
2022-05-01 00:19:59,427 INFO [root] [login.py(__init__:18)] - login_url: http://api.mypeng.site:8080/futureloan/member/login
2022-05-01 00:19:59,466 INFO [root] [login.py(login:35)] - response= {'code': 0, 'msg': 'OK', 'data': {'id': 112, 'leave_amount': 0.0, 'mobile_phone': '15851136191', 'reg_name': 'AutoTestPy', 'reg_time': '2022-04-28 08:56:31.0', 'type': 1, 'token_info': {'token_type': 'Bearer', 'expires_in': '2022-04-30 16:25:03', 'token': 'eyJhbGciOiJIUzUxMiJ9.eyJtZW1iZXJfaWQiOjExMiwiZXhwIjoxNjUxMzM1OTAzfQ.EtB68ueGSuljTfdeAZiWJHzZvEcl3oryv1-LV-8MCsFXnwtYPfkNE1Io6c4NQjElExUaohulzYIDjGgDt-Hdsw'}}, 'copyright': 'Copyright 柠檬班 © 2017-2020 湖南省零檬信息技术有限公司 All Rights Reserved'}
2022-05-01 00:19:59,467 INFO [root] [information.py(__init__:22)] - info_url: http://api.mypeng.site:8080/futureloan/member/112/info
2022-05-01 00:19:59,467 INFO [root] [information.py(__init__:26)] - utils.header_data== {'Content-Type': 'application/json', 'X-Lemonban-Media-Type': 'lemonban.v2', 'Authorization': 'Bearer eyJhbGciOiJIUzUxMiJ9.eyJtZW1iZXJfaWQiOjExMiwiZXhwIjoxNjUxMzM1OTAzfQ.EtB68ueGSuljTfdeAZiWJHzZvEcl3oryv1-LV-8MCsFXnwtYPfkNE1Io6c4NQjElExUaohulzYIDjGgDt-Hdsw'}
2022-05-01 00:19:59,504 INFO [root] [information.py(get_information:33)] - response= {'code': 0, 'msg': 'OK', 'data': {'id': 112, 'leave_amount': 0.0, 'mobile_phone': '15851136191', 'reg_name': 'AutoTestPy', 'reg_time': '2022-04-28 08:56:31.0', 'type': 1}, 'copyright': 'Copyright 柠檬班 © 2017-2020 湖南省零檬信息技术有限公司 All Rights Reserved'}
2022-05-01 00:20:30,003 INFO [root] [login.py(__init__:18)] - login_url: http://api.mypeng.site:8080/futureloan/member/login
2022-05-01 00:20:30,041 INFO [root] [login.py(login:35)] - response= {'code': 0, 'msg': 'OK', 'data': {'id': 112, 'leave_amount': 0.0, 'mobile_phone': '15851136191', 'reg_name': 'AutoTestPy', 'reg_time': '2022-04-28 08:56:31.0', 'type': 1, 'token_info': {'token_type': 'Bearer', 'expires_in': '2022-04-30 16:25:34', 'token': 'eyJhbGciOiJIUzUxMiJ9.eyJtZW1iZXJfaWQiOjExMiwiZXhwIjoxNjUxMzM1OTM0fQ.9E46S79n-Si2fgcSVFlyYRCd9pEaElmshzPloX_YQv61C-d2uFGhHca_k2VqMBvYuo_4UHu-skL3boxboHiXig'}}, 'copyright': 'Copyright 柠檬班 © 2017-2020 湖南省零檬信息技术有限公司 All Rights Reserved'}
2022-05-01 00:20:30,042 INFO [root] [information.py(__init__:22)] - info_url: http://api.mypeng.site:8080/futureloan/member/112/info
2022-05-01 00:20:30,042 INFO [root] [information.py(__init__:26)] - utils.header_data== {'Content-Type': 'application/json', 'X-Lemonban-Media-Type': 'lemonban.v2', 'Authorization': 'Bearer eyJhbGciOiJIUzUxMiJ9.eyJtZW1iZXJfaWQiOjExMiwiZXhwIjoxNjUxMzM1OTM0fQ.9E46S79n-Si2fgcSVFlyYRCd9pEaElmshzPloX_YQv61C-d2uFGhHca_k2VqMBvYuo_4UHu-skL3boxboHiXig'}
2022-05-01 00:20:30,072 INFO [root] [information.py(get_information:33)] - response= {'code': 0, 'msg': 'OK', 'data': {'id': 112, 'leave_amount': 0.0, 'mobile_phone': '15851136191', 'reg_name': 'AutoTestPy', 'reg_time': '2022-04-28 08:56:31.0', 'type': 1}, 'copyright': 'Copyright 柠檬班 © 2017-2020 湖南省零檬信息技术有限公司 All Rights Reserved'}
