2022-05-02 18:16:02,998 INFO [root] [get_env.py(get_env:23)] - config_path= /Users/xuepengju/Desktop/GitHub/PythonDemo/env/local.ini
2022-05-02 18:17:24,925 INFO [root] [get_env.py(get_env:24)] - config_path= /Users/xuepengju/Desktop/GitHub/PythonDemo/env/local.ini
2022-05-02 18:28:53,204 INFO [root] [get_env.py(get_env:23)] - config_path= /Users/xuepengju/Desktop/GitHub/PythonDemo/env/local.ini
2022-05-02 18:29:06,748 INFO [root] [get_env.py(get_env:23)] - config_path= /Users/xuepengju/Desktop/GitHub/PythonDemo/env/local.ini
2022-05-02 18:29:08,067 INFO [root] [get_env.py(get_env:23)] - config_path= /Users/xuepengju/Desktop/GitHub/PythonDemo/env/local.ini
2022-05-02 18:29:31,130 INFO [root] [get_env.py(get_env:23)] - config_path= /Users/xuepengju/Desktop/GitHub/PythonDemo/env/local.ini
2022-05-02 18:29:31,131 INFO [root] [get_env.py(get_env:23)] - config_path= /Users/xuepengju/Desktop/GitHub/PythonDemo/env/local.ini
2022-05-02 18:29:45,166 INFO [root] [get_env.py(get_env:23)] - config_path= /Users/xuepengju/Desktop/GitHub/PythonDemo/env/local.ini
2022-05-02 18:29:45,167 INFO [root] [get_env.py(get_env:23)] - config_path= /Users/xuepengju/Desktop/GitHub/PythonDemo/env/local.ini
2022-05-02 18:29:59,310 INFO [root] [get_env.py(get_env:23)] - config_path= /Users/xuepengju/Desktop/GitHub/PythonDemo/env/local.ini
2022-05-02 18:29:59,311 INFO [root] [get_env.py(get_env:23)] - config_path= /Users/xuepengju/Desktop/GitHub/PythonDemo/env/local.ini
2022-05-02 18:30:33,360 INFO [root] [get_env.py(get_env:23)] - config_path= /Users/xuepengju/Desktop/GitHub/PythonDemo/env/local.ini
2022-05-02 18:30:33,361 INFO [root] [get_env.py(get_env:23)] - config_path= /Users/xuepengju/Desktop/GitHub/PythonDemo/env/local.ini
2022-05-02 18:31:03,395 INFO [root] [get_env.py(get_env:23)] - config_path= /Users/xuepengju/Desktop/GitHub/PythonDemo/env/local.ini
2022-05-02 18:31:03,401 INFO [root] [get_env.py(get_env:23)] - config_path= /Users/xuepengju/Desktop/GitHub/PythonDemo/env/local.ini
2022-05-02 18:40:16,089 INFO [root] [login.py(__init__:19)] - login_url: http://api.mypeng.site:8080/futureloan/member/login
2022-05-02 18:40:16,128 INFO [root] [login.py(login:37)] - response= {'code': 0, 'msg': 'OK', 'data': {'id': 112, 'leave_amount': 0.0, 'mobile_phone': '15851136191', 'reg_name': 'AutoTestPy', 'reg_time': '2022-04-28 08:56:31.0', 'type': 1, 'token_info': {'token_type': 'Bearer', 'expires_in': '2022-05-02 10:45:18', 'token': 'eyJhbGciOiJIUzUxMiJ9.eyJtZW1iZXJfaWQiOjExMiwiZXhwIjoxNjUxNDg4MzE4fQ.egzjuPBfQvT7bmjE0kCV6wOeTfU6MZoiS8Q73XZykFWkRQ2vgMp_Jlp2uMotD-Ob0SicsB079DOrLanl4r7SxA'}}, 'copyright': 'Copyright 柠檬班 © 2017-2020 湖南省零檬信息技术有限公司 All Rights Reserved'}
2022-05-02 18:40:16,129 INFO [root] [information.py(_get_member_id:25)] - info_url: http://api.mypeng.site:8080/futureloan/member/112/info
2022-05-02 18:40:16,129 INFO [root] [information.py(_get_member_id:29)] - conf.header_data== {'Content-Type': 'application/json', 'X-Lemonban-Media-Type': 'lemonban.v2', 'Authorization': 'Bearer eyJhbGciOiJIUzUxMiJ9.eyJtZW1iZXJfaWQiOjExMiwiZXhwIjoxNjUxNDg4MzE4fQ.egzjuPBfQvT7bmjE0kCV6wOeTfU6MZoiS8Q73XZykFWkRQ2vgMp_Jlp2uMotD-Ob0SicsB079DOrLanl4r7SxA'}
2022-05-02 18:40:16,129 INFO [root] [information.py(get_information:36)] - info_url: http://api.mypeng.site:8080/futureloan/member/112/info
2022-05-02 18:40:16,174 INFO [root] [information.py(get_information:40)] - response= {'code': 0, 'msg': 'OK', 'data': {'id': 112, 'leave_amount': 0.0, 'mobile_phone': '15851136191', 'reg_name': 'AutoTestPy', 'reg_time': '2022-04-28 08:56:31.0', 'type': 1}, 'copyright': 'Copyright 柠檬班 © 2017-2020 湖南省零檬信息技术有限公司 All Rights Reserved'}
2022-05-02 18:40:41,630 INFO [root] [login.py(__init__:19)] - login_url: http://api.mypeng.site:8080/futureloan/member/login
2022-05-02 18:40:41,659 INFO [root] [login.py(login:37)] - response= {'code': 0, 'msg': 'OK', 'data': {'id': 112, 'leave_amount': 0.0, 'mobile_phone': '15851136191', 'reg_name': 'AutoTestPy', 'reg_time': '2022-04-28 08:56:31.0', 'type': 1, 'token_info': {'token_type': 'Bearer', 'expires_in': '2022-05-02 10:45:43', 'token': 'eyJhbGciOiJIUzUxMiJ9.eyJtZW1iZXJfaWQiOjExMiwiZXhwIjoxNjUxNDg4MzQzfQ.82ibtVxbMwYsvfVgwnKx9ctiBDFc0D7-ZH-kTnusudfHBjudFdyhVVacZweo4rghtaZuV2kO4mcikZRq_vy95w'}}, 'copyright': 'Copyright 柠檬班 © 2017-2020 湖南省零檬信息技术有限公司 All Rights Reserved'}
2022-05-02 18:40:54,176 INFO [root] [login.py(__init__:19)] - login_url: http://api.mypeng.site:8080/futureloan/member/login
2022-05-02 18:40:54,215 INFO [root] [login.py(login:37)] - response= {'code': 0, 'msg': 'OK', 'data': {'id': 112, 'leave_amount': 0.0, 'mobile_phone': '15851136191', 'reg_name': 'AutoTestPy', 'reg_time': '2022-04-28 08:56:31.0', 'type': 1, 'token_info': {'token_type': 'Bearer', 'expires_in': '2022-05-02 10:45:56', 'token': 'eyJhbGciOiJIUzUxMiJ9.eyJtZW1iZXJfaWQiOjExMiwiZXhwIjoxNjUxNDg4MzU2fQ.nplgboDx4InM21QDvOsHObCzBDEOBBhUH4iKP1JBT351RSdmodZBz6PyDSH644k7iQp3vVwybGhRcQgFKjqtgQ'}}, 'copyright': 'Copyright 柠檬班 © 2017-2020 湖南省零檬信息技术有限公司 All Rights Reserved'}
2022-05-02 18:43:48,130 INFO [root] [get_env.py(get_env:25)] - config_path= /Users/xuepengju/Desktop/GitHub/PythonDemo/env/local.ini
2022-05-02 18:43:48,131 INFO [root] [get_env.py(get_env:37)] - result= api.mypeng.site
2022-05-02 18:44:15,722 INFO [root] [get_env.py(get_env:25)] - config_path= /Users/xuepengju/Desktop/GitHub/PythonDemo/env/local.ini
2022-05-02 18:44:15,722 INFO [root] [get_env.py(get_env:37)] - result= api.mypeng.site
2022-05-02 18:44:15,722 INFO [root] [get_env.py(get_env:25)] - config_path= /Users/xuepengju/Desktop/GitHub/PythonDemo/env/local.ini
2022-05-02 18:44:15,723 INFO [root] [get_env.py(get_env:37)] - result= 3305
2022-05-02 18:44:31,908 INFO [root] [get_env.py(get_env:25)] - config_path= /Users/xuepengju/Desktop/GitHub/PythonDemo/env/local.ini
2022-05-02 18:44:31,909 INFO [root] [get_env.py(get_env:37)] - result= api.mypeng.site
2022-05-02 18:44:31,909 INFO [root] [get_env.py(get_env:25)] - config_path= /Users/xuepengju/Desktop/GitHub/PythonDemo/env/local.ini
2022-05-02 18:44:31,909 INFO [root] [get_env.py(get_env:37)] - result= 3305
2022-05-02 18:44:31,909 INFO [root] [get_env.py(get_env:25)] - config_path= /Users/xuepengju/Desktop/GitHub/PythonDemo/env/local.ini
2022-05-02 18:44:31,910 INFO [root] [get_env.py(get_env:37)] - result= Lemon123456!
2022-05-02 18:45:48,698 INFO [root] [get_env.py(get_env:25)] - config_path= /Users/xuepengju/Desktop/GitHub/PythonDemo/env/local.ini
2022-05-02 18:45:48,699 INFO [root] [get_env.py(get_env:37)] - result= api.mypeng.site
2022-05-02 18:45:48,699 INFO [root] [get_env.py(get_env:25)] - config_path= /Users/xuepengju/Desktop/GitHub/PythonDemo/env/local.ini
2022-05-02 18:45:48,699 INFO [root] [get_env.py(get_env:37)] - result= root
2022-05-02 18:45:48,699 INFO [root] [get_env.py(get_env:25)] - config_path= /Users/xuepengju/Desktop/GitHub/PythonDemo/env/local.ini
2022-05-02 18:45:48,700 INFO [root] [get_env.py(get_env:37)] - result= 3305
2022-05-02 18:45:48,700 INFO [root] [get_env.py(get_env:25)] - config_path= /Users/xuepengju/Desktop/GitHub/PythonDemo/env/local.ini
2022-05-02 18:45:48,700 INFO [root] [get_env.py(get_env:37)] - result= Lemon123456!
2022-05-02 18:47:12,133 INFO [root] [get_env.py(get_env:25)] - config_path= /Users/xuepengju/Desktop/GitHub/PythonDemo/env/local.ini
2022-05-02 18:47:12,134 INFO [root] [get_env.py(get_env:37)] - result= api.mypeng.site
2022-05-02 18:47:12,134 INFO [root] [get_env.py(get_env:25)] - config_path= /Users/xuepengju/Desktop/GitHub/PythonDemo/env/local.ini
2022-05-02 18:47:12,134 INFO [root] [get_env.py(get_env:37)] - result= root
2022-05-02 18:47:12,134 INFO [root] [get_env.py(get_env:25)] - config_path= /Users/xuepengju/Desktop/GitHub/PythonDemo/env/local.ini
2022-05-02 18:47:12,135 INFO [root] [get_env.py(get_env:37)] - result= 3305
2022-05-02 18:47:12,135 INFO [root] [get_env.py(get_env:25)] - config_path= /Users/xuepengju/Desktop/GitHub/PythonDemo/env/local.ini
2022-05-02 18:47:12,136 INFO [root] [get_env.py(get_env:37)] - result= Lemon123456!
2022-05-02 18:47:24,885 INFO [root] [get_env.py(get_env:25)] - config_path= /Users/xuepengju/Desktop/GitHub/PythonDemo/env/local.ini
2022-05-02 18:47:24,886 INFO [root] [get_env.py(get_env:37)] - result= api.mypeng.site
2022-05-02 18:47:24,886 INFO [root] [get_env.py(get_env:25)] - config_path= /Users/xuepengju/Desktop/GitHub/PythonDemo/env/local.ini
2022-05-02 18:47:24,886 INFO [root] [get_env.py(get_env:37)] - result= root
2022-05-02 18:47:24,887 INFO [root] [get_env.py(get_env:25)] - config_path= /Users/xuepengju/Desktop/GitHub/PythonDemo/env/local.ini
2022-05-02 18:47:24,887 INFO [root] [get_env.py(get_env:37)] - result= 3305
2022-05-02 18:47:24,887 INFO [root] [get_env.py(get_env:25)] - config_path= /Users/xuepengju/Desktop/GitHub/PythonDemo/env/local.ini
2022-05-02 18:47:24,888 INFO [root] [get_env.py(get_env:37)] - result= Lemon123456!
2022-05-02 18:47:45,986 INFO [root] [get_env.py(get_env:25)] - config_path= /Users/xuepengju/Desktop/GitHub/PythonDemo/env/local.ini
2022-05-02 18:47:45,986 INFO [root] [get_env.py(get_env:37)] - result= api.mypeng.site
2022-05-02 18:47:45,986 INFO [root] [get_env.py(get_env:25)] - config_path= /Users/xuepengju/Desktop/GitHub/PythonDemo/env/local.ini
2022-05-02 18:47:45,987 INFO [root] [get_env.py(get_env:37)] - result= root
2022-05-02 18:47:45,987 INFO [root] [get_env.py(get_env:25)] - config_path= /Users/xuepengju/Desktop/GitHub/PythonDemo/env/local.ini
2022-05-02 18:47:45,987 INFO [root] [get_env.py(get_env:37)] - result= 3305
2022-05-02 18:47:45,987 INFO [root] [get_env.py(get_env:25)] - config_path= /Users/xuepengju/Desktop/GitHub/PythonDemo/env/local.ini
2022-05-02 18:47:45,987 INFO [root] [get_env.py(get_env:37)] - result= Lemon123456!
2022-05-02 18:48:13,355 INFO [root] [get_env.py(get_env:25)] - config_path= /Users/xuepengju/Desktop/GitHub/PythonDemo/env/local.ini
2022-05-02 18:48:13,357 INFO [root] [get_env.py(get_env:37)] - result= api.mypeng.site
2022-05-02 18:48:13,357 INFO [root] [get_env.py(get_env:25)] - config_path= /Users/xuepengju/Desktop/GitHub/PythonDemo/env/local.ini
2022-05-02 18:48:13,358 INFO [root] [get_env.py(get_env:37)] - result= root
2022-05-02 18:48:13,358 INFO [root] [get_env.py(get_env:25)] - config_path= /Users/xuepengju/Desktop/GitHub/PythonDemo/env/local.ini
2022-05-02 18:48:13,358 INFO [root] [get_env.py(get_env:37)] - result= 3305
2022-05-02 18:48:13,359 INFO [root] [get_env.py(get_env:25)] - config_path= /Users/xuepengju/Desktop/GitHub/PythonDemo/env/local.ini
2022-05-02 18:48:13,359 INFO [root] [get_env.py(get_env:37)] - result= Lemon123456!
2022-05-02 18:51:32,728 INFO [root] [get_env.py(get_env:25)] - config_path= /Users/xuepengju/Desktop/GitHub/PythonDemo/env/local.ini
2022-05-02 18:51:32,728 INFO [root] [get_env.py(get_env:37)] - result= api.mypeng.site
2022-05-02 18:51:32,728 INFO [root] [get_env.py(get_env:25)] - config_path= /Users/xuepengju/Desktop/GitHub/PythonDemo/env/local.ini
2022-05-02 18:51:32,729 INFO [root] [get_env.py(get_env:37)] - result= root
2022-05-02 18:51:32,729 INFO [root] [get_env.py(get_env:25)] - config_path= /Users/xuepengju/Desktop/GitHub/PythonDemo/env/local.ini
2022-05-02 18:51:32,729 INFO [root] [get_env.py(get_env:37)] - result= 3305
2022-05-02 18:51:32,729 INFO [root] [get_env.py(get_env:25)] - config_path= /Users/xuepengju/Desktop/GitHub/PythonDemo/env/local.ini
2022-05-02 18:51:32,730 INFO [root] [get_env.py(get_env:37)] - result= Lemon123456!
2022-05-02 18:51:54,435 INFO [root] [get_env.py(get_env:25)] - config_path= /Users/xuepengju/Desktop/GitHub/PythonDemo/env/local.ini
2022-05-02 18:51:54,436 INFO [root] [get_env.py(get_env:37)] - result= api.mypeng.site
2022-05-02 18:51:54,436 INFO [root] [get_env.py(get_env:25)] - config_path= /Users/xuepengju/Desktop/GitHub/PythonDemo/env/local.ini
2022-05-02 18:51:54,436 INFO [root] [get_env.py(get_env:37)] - result= root
2022-05-02 18:51:54,436 INFO [root] [get_env.py(get_env:25)] - config_path= /Users/xuepengju/Desktop/GitHub/PythonDemo/env/local.ini
2022-05-02 18:51:54,437 INFO [root] [get_env.py(get_env:37)] - result= 3305
2022-05-02 18:51:54,437 INFO [root] [get_env.py(get_env:25)] - config_path= /Users/xuepengju/Desktop/GitHub/PythonDemo/env/local.ini
2022-05-02 18:51:54,437 INFO [root] [get_env.py(get_env:37)] - result= Lemon123456!
2022-05-02 18:52:10,293 INFO [root] [get_env.py(get_env:25)] - config_path= /Users/xuepengju/Desktop/GitHub/PythonDemo/env/local.ini
2022-05-02 18:52:10,293 INFO [root] [get_env.py(get_env:37)] - result= api.mypeng.site
2022-05-02 18:52:10,294 INFO [root] [get_env.py(get_env:25)] - config_path= /Users/xuepengju/Desktop/GitHub/PythonDemo/env/local.ini
2022-05-02 18:52:10,294 INFO [root] [get_env.py(get_env:37)] - result= root
2022-05-02 18:52:10,294 INFO [root] [get_env.py(get_env:25)] - config_path= /Users/xuepengju/Desktop/GitHub/PythonDemo/env/local.ini
2022-05-02 18:52:10,294 INFO [root] [get_env.py(get_env:37)] - result= 3305
2022-05-02 18:52:10,294 INFO [root] [get_env.py(get_env:25)] - config_path= /Users/xuepengju/Desktop/GitHub/PythonDemo/env/local.ini
2022-05-02 18:52:10,295 INFO [root] [get_env.py(get_env:37)] - result= Lemon123456!
2022-05-02 18:52:10,371 INFO [root] [dbUtil.py(write_db:47)] - sql执行完毕,影响行数0
